{"/home/remi/Projects/relay/Relay/eslint.config.js": {"path":"/home/remi/Projects/relay/Relay/eslint.config.js","statementMap":{"0":{"start":{"line":2,"column":25},"end":{"line":2,"column":49}},"1":{"start":{"line":3,"column":19},"end":{"line":3,"column":53}},"2":{"start":{"line":5,"column":0},"end":{"line":14,"column":3}}},"fnMap":{},"branchMap":{},"s":{"0":0,"1":0,"2":0},"f":{},"b":{}}
,"/home/remi/Projects/relay/Relay/expo-env.d.ts": {"path":"/home/remi/Projects/relay/Relay/expo-env.d.ts","statementMap":{},"fnMap":{},"branchMap":{},"s":{},"f":{},"b":{}}
,"/home/remi/Projects/relay/Relay/jest.config.js": {"path":"/home/remi/Projects/relay/Relay/jest.config.js","statementMap":{"0":{"start":{"line":2,"column":0},"end":{"line":22,"column":2}}},"fnMap":{},"branchMap":{},"s":{"0":0},"f":{},"b":{}}
,"/home/remi/Projects/relay/Relay/.expo/types/router.d.ts": {"path":"/home/remi/Projects/relay/Relay/.expo/types/router.d.ts","statementMap":{},"fnMap":{},"branchMap":{},"s":{},"f":{},"b":{}}
,"/home/remi/Projects/relay/Relay/app/_layout.tsx": {"path":"/home/remi/Projects/relay/Relay/app/_layout.tsx","statementMap":{"0":{"start":{"line":19,"column":2},"end":{"line":27,"column":4}}},"fnMap":{"0":{"name":"RootLayout","decl":{"start":{"line":17,"column":24},"end":{"line":17,"column":34}},"loc":{"start":{"line":17,"column":37},"end":{"line":28,"column":1}},"line":17}},"branchMap":{},"s":{"0":0},"f":{"0":0},"b":{}}
,"/home/remi/Projects/relay/Relay/app/index.tsx": {"path":"/home/remi/Projects/relay/Relay/app/index.tsx","statementMap":{"0":{"start":{"line":25,"column":21},"end":{"line":25,"column":36}},"1":{"start":{"line":26,"column":22},"end":{"line":26,"column":38}},"2":{"start":{"line":27,"column":16},"end":{"line":27,"column":65}},"3":{"start":{"line":45,"column":2},"end":{"line":47,"column":19}},"4":{"start":{"line":46,"column":4},"end":{"line":46,"column":75}},"5":{"start":{"line":49,"column":17},"end":{"line":49,"column":28}},"6":{"start":{"line":50,"column":28},"end":{"line":50,"column":38}},"7":{"start":{"line":51,"column":23},"end":{"line":51,"column":41}},"8":{"start":{"line":54,"column":24},"end":{"line":54,"column":50}},"9":{"start":{"line":57,"column":23},"end":{"line":57,"column":57}},"10":{"start":{"line":58,"column":25},"end":{"line":58,"column":61}},"11":{"start":{"line":59,"column":24},"end":{"line":59,"column":59}},"12":{"start":{"line":61,"column":2},"end":{"line":205,"column":4}},"13":{"start":{"line":71,"column":25},"end":{"line":71,"column":49}},"14":{"start":{"line":103,"column":34},"end":{"line":103,"column":49}},"15":{"start":{"line":105,"column":12},"end":{"line":148,"column":28}},"16":{"start":{"line":107,"column":31},"end":{"line":107,"column":63}},"17":{"start":{"line":159,"column":12},"end":{"line":159,"column":43}},"18":{"start":{"line":160,"column":12},"end":{"line":160,"column":66}},"19":{"start":{"line":173,"column":12},"end":{"line":173,"column":37}},"20":{"start":{"line":174,"column":12},"end":{"line":174,"column":47}},"21":{"start":{"line":175,"column":12},"end":{"line":175,"column":36}},"22":{"start":{"line":176,"column":12},"end":{"line":176,"column":73}},"23":{"start":{"line":197,"column":25},"end":{"line":197,"column":53}},"24":{"start":{"line":210,"column":15},"end":{"line":321,"column":2}}},"fnMap":{"0":{"name":"IndexScreen","decl":{"start":{"line":24,"column":24},"end":{"line":24,"column":35}},"loc":{"start":{"line":24,"column":38},"end":{"line":206,"column":1}},"line":24},"1":{"name":"(anonymous_1)","decl":{"start":{"line":45,"column":12},"end":{"line":45,"column":13}},"loc":{"start":{"line":45,"column":18},"end":{"line":47,"column":3}},"line":45},"2":{"name":"(anonymous_2)","decl":{"start":{"line":71,"column":19},"end":{"line":71,"column":20}},"loc":{"start":{"line":71,"column":25},"end":{"line":71,"column":49}},"line":71},"3":{"name":"(anonymous_3)","decl":{"start":{"line":103,"column":24},"end":{"line":103,"column":25}},"loc":{"start":{"line":103,"column":34},"end":{"line":103,"column":49}},"line":103},"4":{"name":"(anonymous_4)","decl":{"start":{"line":104,"column":22},"end":{"line":104,"column":23}},"loc":{"start":{"line":105,"column":12},"end":{"line":148,"column":28}},"line":105},"5":{"name":"(anonymous_5)","decl":{"start":{"line":107,"column":25},"end":{"line":107,"column":26}},"loc":{"start":{"line":107,"column":31},"end":{"line":107,"column":63}},"line":107},"6":{"name":"(anonymous_6)","decl":{"start":{"line":158,"column":19},"end":{"line":158,"column":20}},"loc":{"start":{"line":158,"column":31},"end":{"line":161,"column":11}},"line":158},"7":{"name":"(anonymous_7)","decl":{"start":{"line":172,"column":19},"end":{"line":172,"column":20}},"loc":{"start":{"line":172,"column":31},"end":{"line":177,"column":11}},"line":172},"8":{"name":"(anonymous_8)","decl":{"start":{"line":197,"column":19},"end":{"line":197,"column":20}},"loc":{"start":{"line":197,"column":25},"end":{"line":197,"column":53}},"line":197}},"branchMap":{"0":{"loc":{"start":{"line":27,"column":23},"end":{"line":27,"column":64}},"type":"cond-expr","locations":[{"start":{"line":27,"column":48},"end":{"line":27,"column":54}},{"start":{"line":27,"column":57},"end":{"line":27,"column":64}}],"line":27},"1":{"loc":{"start":{"line":57,"column":23},"end":{"line":57,"column":57}},"type":"cond-expr","locations":[{"start":{"line":57,"column":39},"end":{"line":57,"column":45}},{"start":{"line":57,"column":48},"end":{"line":57,"column":57}}],"line":57},"2":{"loc":{"start":{"line":58,"column":25},"end":{"line":58,"column":61}},"type":"cond-expr","locations":[{"start":{"line":58,"column":41},"end":{"line":58,"column":49}},{"start":{"line":58,"column":52},"end":{"line":58,"column":61}}],"line":58},"3":{"loc":{"start":{"line":59,"column":24},"end":{"line":59,"column":59}},"type":"cond-expr","locations":[{"start":{"line":59,"column":40},"end":{"line":59,"column":47}},{"start":{"line":59,"column":50},"end":{"line":59,"column":59}}],"line":59},"4":{"loc":{"start":{"line":79,"column":7},"end":{"line":151,"column":7}},"type":"cond-expr","locations":[{"start":{"line":80,"column":8},"end":{"line":85,"column":15}},{"start":{"line":86,"column":10},"end":{"line":151,"column":7}}],"line":79},"5":{"loc":{"start":{"line":86,"column":10},"end":{"line":151,"column":7}},"type":"cond-expr","locations":[{"start":{"line":87,"column":8},"end":{"line":99,"column":24}},{"start":{"line":101,"column":8},"end":{"line":150,"column":10}}],"line":86},"6":{"loc":{"start":{"line":102,"column":16},"end":{"line":102,"column":27}},"type":"binary-expr","locations":[{"start":{"line":102,"column":16},"end":{"line":102,"column":21}},{"start":{"line":102,"column":25},"end":{"line":102,"column":27}}],"line":102},"7":{"loc":{"start":{"line":125,"column":17},"end":{"line":146,"column":17}},"type":"binary-expr","locations":[{"start":{"line":125,"column":17},"end":{"line":125,"column":39}},{"start":{"line":126,"column":18},"end":{"line":145,"column":25}}],"line":125}},"s":{"0":0,"1":0,"2":0,"3":0,"4":0,"5":0,"6":0,"7":0,"8":0,"9":0,"10":0,"11":0,"12":0,"13":0,"14":0,"15":0,"16":0,"17":0,"18":0,"19":0,"20":0,"21":0,"22":0,"23":0,"24":0},"f":{"0":0,"1":0,"2":0,"3":0,"4":0,"5":0,"6":0,"7":0,"8":0},"b":{"0":[0,0],"1":[0,0],"2":[0,0],"3":[0,0],"4":[0,0],"5":[0,0],"6":[0,0],"7":[0,0]}}
,"/home/remi/Projects/relay/Relay/app/settings.tsx": {"path":"/home/remi/Projects/relay/Relay/app/settings.tsx","statementMap":{"0":{"start":{"line":9,"column":17},"end":{"line":9,"column":28}},"1":{"start":{"line":10,"column":55},"end":{"line":10,"column":73}},"2":{"start":{"line":11,"column":22},"end":{"line":11,"column":38}},"3":{"start":{"line":12,"column":16},"end":{"line":12,"column":65}},"4":{"start":{"line":14,"column":42},"end":{"line":14,"column":57}},"5":{"start":{"line":16,"column":24},"end":{"line":20,"column":3}},"6":{"start":{"line":22,"column":26},"end":{"line":60,"column":3}},"7":{"start":{"line":23,"column":59},"end":{"line":57,"column":5}},"8":{"start":{"line":59,"column":4},"end":{"line":59,"column":45}},"9":{"start":{"line":62,"column":2},"end":{"line":286,"column":4}},"10":{"start":{"line":79,"column":33},"end":{"line":79,"column":58}},"11":{"start":{"line":95,"column":33},"end":{"line":95,"column":62}},"12":{"start":{"line":113,"column":27},"end":{"line":113,"column":50}},"13":{"start":{"line":137,"column":31},"end":{"line":137,"column":55}},"14":{"start":{"line":157,"column":31},"end":{"line":157,"column":53}},"15":{"start":{"line":177,"column":31},"end":{"line":177,"column":62}},"16":{"start":{"line":196,"column":31},"end":{"line":196,"column":55}},"17":{"start":{"line":215,"column":31},"end":{"line":215,"column":53}},"18":{"start":{"line":234,"column":31},"end":{"line":234,"column":56}},"19":{"start":{"line":247,"column":25},"end":{"line":247,"column":55}},"20":{"start":{"line":289,"column":15},"end":{"line":379,"column":2}}},"fnMap":{"0":{"name":"SettingsScreen","decl":{"start":{"line":8,"column":24},"end":{"line":8,"column":38}},"loc":{"start":{"line":8,"column":41},"end":{"line":287,"column":1}},"line":8},"1":{"name":"(anonymous_1)","decl":{"start":{"line":22,"column":26},"end":{"line":22,"column":27}},"loc":{"start":{"line":22,"column":62},"end":{"line":60,"column":3}},"line":22},"2":{"name":"(anonymous_2)","decl":{"start":{"line":79,"column":27},"end":{"line":79,"column":28}},"loc":{"start":{"line":79,"column":33},"end":{"line":79,"column":58}},"line":79},"3":{"name":"(anonymous_3)","decl":{"start":{"line":95,"column":27},"end":{"line":95,"column":28}},"loc":{"start":{"line":95,"column":33},"end":{"line":95,"column":62}},"line":95},"4":{"name":"(anonymous_4)","decl":{"start":{"line":113,"column":21},"end":{"line":113,"column":22}},"loc":{"start":{"line":113,"column":27},"end":{"line":113,"column":50}},"line":113},"5":{"name":"(anonymous_5)","decl":{"start":{"line":137,"column":25},"end":{"line":137,"column":26}},"loc":{"start":{"line":137,"column":31},"end":{"line":137,"column":55}},"line":137},"6":{"name":"(anonymous_6)","decl":{"start":{"line":157,"column":25},"end":{"line":157,"column":26}},"loc":{"start":{"line":157,"column":31},"end":{"line":157,"column":53}},"line":157},"7":{"name":"(anonymous_7)","decl":{"start":{"line":177,"column":25},"end":{"line":177,"column":26}},"loc":{"start":{"line":177,"column":31},"end":{"line":177,"column":62}},"line":177},"8":{"name":"(anonymous_8)","decl":{"start":{"line":196,"column":25},"end":{"line":196,"column":26}},"loc":{"start":{"line":196,"column":31},"end":{"line":196,"column":55}},"line":196},"9":{"name":"(anonymous_9)","decl":{"start":{"line":215,"column":25},"end":{"line":215,"column":26}},"loc":{"start":{"line":215,"column":31},"end":{"line":215,"column":53}},"line":215},"10":{"name":"(anonymous_10)","decl":{"start":{"line":234,"column":25},"end":{"line":234,"column":26}},"loc":{"start":{"line":234,"column":31},"end":{"line":234,"column":56}},"line":234},"11":{"name":"(anonymous_11)","decl":{"start":{"line":247,"column":19},"end":{"line":247,"column":20}},"loc":{"start":{"line":247,"column":25},"end":{"line":247,"column":55}},"line":247}},"branchMap":{"0":{"loc":{"start":{"line":12,"column":23},"end":{"line":12,"column":64}},"type":"cond-expr","locations":[{"start":{"line":12,"column":48},"end":{"line":12,"column":54}},{"start":{"line":12,"column":57},"end":{"line":12,"column":64}}],"line":12},"1":{"loc":{"start":{"line":59,"column":11},"end":{"line":59,"column":44}},"type":"binary-expr","locations":[{"start":{"line":59,"column":11},"end":{"line":59,"column":35}},{"start":{"line":59,"column":39},"end":{"line":59,"column":44}}],"line":59},"2":{"loc":{"start":{"line":81,"column":24},"end":{"line":81,"column":73}},"type":"cond-expr","locations":[{"start":{"line":81,"column":44},"end":{"line":81,"column":57}},{"start":{"line":81,"column":60},"end":{"line":81,"column":73}}],"line":81},"3":{"loc":{"start":{"line":97,"column":24},"end":{"line":97,"column":77}},"type":"cond-expr","locations":[{"start":{"line":97,"column":48},"end":{"line":97,"column":61}},{"start":{"line":97,"column":64},"end":{"line":97,"column":77}}],"line":97},"4":{"loc":{"start":{"line":123,"column":9},"end":{"line":243,"column":9}},"type":"binary-expr","locations":[{"start":{"line":123,"column":9},"end":{"line":123,"column":21}},{"start":{"line":124,"column":10},"end":{"line":242,"column":13}}],"line":123},"5":{"loc":{"start":{"line":249,"column":30},"end":{"line":249,"column":96}},"type":"cond-expr","locations":[{"start":{"line":249,"column":45},"end":{"line":249,"column":69}},{"start":{"line":249,"column":72},"end":{"line":249,"column":96}}],"line":249},"6":{"loc":{"start":{"line":253,"column":13},"end":{"line":253,"column":79}},"type":"cond-expr","locations":[{"start":{"line":253,"column":28},"end":{"line":253,"column":52}},{"start":{"line":253,"column":55},"end":{"line":253,"column":79}}],"line":253},"7":{"loc":{"start":{"line":256,"column":18},"end":{"line":256,"column":62}},"type":"cond-expr","locations":[{"start":{"line":256,"column":33},"end":{"line":256,"column":46}},{"start":{"line":256,"column":49},"end":{"line":256,"column":62}}],"line":256},"8":{"loc":{"start":{"line":273,"column":9},"end":{"line":283,"column":9}},"type":"binary-expr","locations":[{"start":{"line":273,"column":9},"end":{"line":273,"column":26}},{"start":{"line":274,"column":10},"end":{"line":282,"column":17}}],"line":273}},"s":{"0":0,"1":0,"2":0,"3":0,"4":0,"5":0,"6":0,"7":0,"8":0,"9":0,"10":0,"11":0,"12":0,"13":0,"14":0,"15":0,"16":0,"17":0,"18":0,"19":0,"20":0},"f":{"0":0,"1":0,"2":0,"3":0,"4":0,"5":0,"6":0,"7":0,"8":0,"9":0,"10":0,"11":0},"b":{"0":[0,0],"1":[0,0],"2":[0,0],"3":[0,0],"4":[0,0],"5":[0,0],"6":[0,0],"7":[0,0],"8":[0,0]}}
,"/home/remi/Projects/relay/Relay/app-example/app/_layout.tsx": {"path":"/home/remi/Projects/relay/Relay/app-example/app/_layout.tsx","statementMap":{"0":{"start":{"line":8,"column":33},"end":{"line":10,"column":1}},"1":{"start":{"line":13,"column":22},"end":{"line":13,"column":38}},"2":{"start":{"line":15,"column":2},"end":{"line":23,"column":4}}},"fnMap":{"0":{"name":"RootLayout","decl":{"start":{"line":12,"column":24},"end":{"line":12,"column":34}},"loc":{"start":{"line":12,"column":37},"end":{"line":24,"column":1}},"line":12}},"branchMap":{"0":{"loc":{"start":{"line":16,"column":26},"end":{"line":16,"column":75}},"type":"cond-expr","locations":[{"start":{"line":16,"column":51},"end":{"line":16,"column":60}},{"start":{"line":16,"column":63},"end":{"line":16,"column":75}}],"line":16}},"s":{"0":0,"1":0,"2":0},"f":{"0":0},"b":{"0":[0,0]}}
,"/home/remi/Projects/relay/Relay/app-example/app/modal.tsx": {"path":"/home/remi/Projects/relay/Relay/app-example/app/modal.tsx","statementMap":{"0":{"start":{"line":8,"column":2},"end":{"line":15,"column":4}},"1":{"start":{"line":18,"column":15},"end":{"line":29,"column":2}}},"fnMap":{"0":{"name":"ModalScreen","decl":{"start":{"line":7,"column":24},"end":{"line":7,"column":35}},"loc":{"start":{"line":7,"column":38},"end":{"line":16,"column":1}},"line":7}},"branchMap":{},"s":{"0":0,"1":0},"f":{"0":0},"b":{}}
,"/home/remi/Projects/relay/Relay/app-example/app/(tabs)/_layout.tsx": {"path":"/home/remi/Projects/relay/Relay/app-example/app/(tabs)/_layout.tsx","statementMap":{"0":{"start":{"line":10,"column":22},"end":{"line":10,"column":38}},"1":{"start":{"line":12,"column":2},"end":{"line":34,"column":4}},"2":{"start":{"line":23,"column":37},"end":{"line":23,"column":93}},"3":{"start":{"line":30,"column":37},"end":{"line":30,"column":98}}},"fnMap":{"0":{"name":"TabLayout","decl":{"start":{"line":9,"column":24},"end":{"line":9,"column":33}},"loc":{"start":{"line":9,"column":36},"end":{"line":35,"column":1}},"line":9},"1":{"name":"(anonymous_1)","decl":{"start":{"line":23,"column":22},"end":{"line":23,"column":23}},"loc":{"start":{"line":23,"column":37},"end":{"line":23,"column":93}},"line":23},"2":{"name":"(anonymous_2)","decl":{"start":{"line":30,"column":22},"end":{"line":30,"column":23}},"loc":{"start":{"line":30,"column":37},"end":{"line":30,"column":98}},"line":30}},"branchMap":{"0":{"loc":{"start":{"line":15,"column":38},"end":{"line":15,"column":60}},"type":"binary-expr","locations":[{"start":{"line":15,"column":38},"end":{"line":15,"column":49}},{"start":{"line":15,"column":53},"end":{"line":15,"column":60}}],"line":15}},"s":{"0":0,"1":0,"2":0,"3":0},"f":{"0":0,"1":0,"2":0},"b":{"0":[0,0]}}
,"/home/remi/Projects/relay/Relay/app-example/app/(tabs)/card.tsx": {"path":"/home/remi/Projects/relay/Relay/app-example/app/(tabs)/card.tsx","statementMap":{"0":{"start":{"line":6,"column":17},"end":{"line":6,"column":55}},"1":{"start":{"line":8,"column":15},"end":{"line":8,"column":50}},"2":{"start":{"line":8,"column":39},"end":{"line":8,"column":49}},"3":{"start":{"line":10,"column":2},"end":{"line":12,"column":3}},"4":{"start":{"line":11,"column":4},"end":{"line":11,"column":40}},"5":{"start":{"line":13,"column":2},"end":{"line":13,"column":43}}},"fnMap":{"0":{"name":"CardScreen","decl":{"start":{"line":5,"column":24},"end":{"line":5,"column":34}},"loc":{"start":{"line":5,"column":37},"end":{"line":14,"column":1}},"line":5},"1":{"name":"(anonymous_1)","decl":{"start":{"line":8,"column":32},"end":{"line":8,"column":33}},"loc":{"start":{"line":8,"column":39},"end":{"line":8,"column":49}},"line":8}},"branchMap":{"0":{"loc":{"start":{"line":10,"column":2},"end":{"line":12,"column":3}},"type":"if","locations":[{"start":{"line":10,"column":2},"end":{"line":12,"column":3}},{"start":{},"end":{}}],"line":10}},"s":{"0":0,"1":0,"2":0,"3":0,"4":0,"5":0},"f":{"0":0,"1":0},"b":{"0":[0,0]}}
,"/home/remi/Projects/relay/Relay/app-example/app/(tabs)/explore.tsx": {"path":"/home/remi/Projects/relay/Relay/app-example/app/(tabs)/explore.tsx","statementMap":{"0":{"start":{"line":13,"column":2},"end":{"line":98,"column":4}},"1":{"start":{"line":101,"column":15},"end":{"line":112,"column":2}}},"fnMap":{"0":{"name":"TabTwoScreen","decl":{"start":{"line":12,"column":24},"end":{"line":12,"column":36}},"loc":{"start":{"line":12,"column":39},"end":{"line":99,"column":1}},"line":12}},"branchMap":{},"s":{"0":0,"1":0},"f":{"0":0},"b":{}}
,"/home/remi/Projects/relay/Relay/app-example/app/(tabs)/index.tsx": {"path":"/home/remi/Projects/relay/Relay/app-example/app/(tabs)/index.tsx","statementMap":{"0":{"start":{"line":6,"column":17},"end":{"line":6,"column":28}},"1":{"start":{"line":7,"column":2},"end":{"line":20,"column":4}},"2":{"start":{"line":11,"column":8},"end":{"line":17,"column":20}},"3":{"start":{"line":13,"column":25},"end":{"line":13,"column":59}},"4":{"start":{"line":41,"column":15},"end":{"line":51,"column":2}}},"fnMap":{"0":{"name":"IndexScreen","decl":{"start":{"line":5,"column":24},"end":{"line":5,"column":35}},"loc":{"start":{"line":5,"column":38},"end":{"line":21,"column":1}},"line":5},"1":{"name":"(anonymous_1)","decl":{"start":{"line":10,"column":23},"end":{"line":10,"column":24}},"loc":{"start":{"line":11,"column":8},"end":{"line":17,"column":20}},"line":11},"2":{"name":"(anonymous_2)","decl":{"start":{"line":13,"column":19},"end":{"line":13,"column":20}},"loc":{"start":{"line":13,"column":25},"end":{"line":13,"column":59}},"line":13}},"branchMap":{},"s":{"0":0,"1":0,"2":0,"3":0,"4":0},"f":{"0":0,"1":0,"2":0},"b":{}}
,"/home/remi/Projects/relay/Relay/app-example/components/CardView.tsx": {"path":"/home/remi/Projects/relay/Relay/app-example/components/CardView.tsx","statementMap":{"0":{"start":{"line":11,"column":2},"end":{"line":36,"column":4}},"1":{"start":{"line":22,"column":12},"end":{"line":22,"column":45}},"2":{"start":{"line":39,"column":15},"end":{"line":56,"column":2}}},"fnMap":{"0":{"name":"CardView","decl":{"start":{"line":10,"column":24},"end":{"line":10,"column":32}},"loc":{"start":{"line":10,"column":59},"end":{"line":37,"column":1}},"line":10},"1":{"name":"(anonymous_1)","decl":{"start":{"line":21,"column":26},"end":{"line":21,"column":27}},"loc":{"start":{"line":22,"column":12},"end":{"line":22,"column":45}},"line":22}},"branchMap":{"0":{"loc":{"start":{"line":14,"column":7},"end":{"line":16,"column":14}},"type":"cond-expr","locations":[{"start":{"line":15,"column":8},"end":{"line":15,"column":62}},{"start":{"line":16,"column":10},"end":{"line":16,"column":14}}],"line":14},"1":{"loc":{"start":{"line":19,"column":7},"end":{"line":25,"column":14}},"type":"cond-expr","locations":[{"start":{"line":20,"column":8},"end":{"line":24,"column":15}},{"start":{"line":25,"column":10},"end":{"line":25,"column":14}}],"line":19},"2":{"loc":{"start":{"line":19,"column":7},"end":{"line":19,"column":40}},"type":"binary-expr","locations":[{"start":{"line":19,"column":7},"end":{"line":19,"column":16}},{"start":{"line":19,"column":20},"end":{"line":19,"column":40}}],"line":19}},"s":{"0":0,"1":0,"2":0},"f":{"0":0,"1":0},"b":{"0":[0,0],"1":[0,0],"2":[0,0]}}
,"/home/remi/Projects/relay/Relay/app-example/components/external-link.tsx": {"path":"/home/remi/Projects/relay/Relay/app-example/components/external-link.tsx","statementMap":{"0":{"start":{"line":8,"column":2},"end":{"line":24,"column":4}},"1":{"start":{"line":14,"column":8},"end":{"line":21,"column":9}},"2":{"start":{"line":16,"column":10},"end":{"line":16,"column":33}},"3":{"start":{"line":18,"column":10},"end":{"line":20,"column":13}}},"fnMap":{"0":{"name":"ExternalLink","decl":{"start":{"line":7,"column":16},"end":{"line":7,"column":28}},"loc":{"start":{"line":7,"column":55},"end":{"line":25,"column":1}},"line":7},"1":{"name":"(anonymous_1)","decl":{"start":{"line":13,"column":15},"end":{"line":13,"column":16}},"loc":{"start":{"line":13,"column":32},"end":{"line":22,"column":7}},"line":13}},"branchMap":{"0":{"loc":{"start":{"line":14,"column":8},"end":{"line":21,"column":9}},"type":"if","locations":[{"start":{"line":14,"column":8},"end":{"line":21,"column":9}},{"start":{},"end":{}}],"line":14}},"s":{"0":0,"1":0,"2":0,"3":0},"f":{"0":0,"1":0},"b":{"0":[0,0]}}
,"/home/remi/Projects/relay/Relay/app-example/components/haptic-tab.tsx": {"path":"/home/remi/Projects/relay/Relay/app-example/components/haptic-tab.tsx","statementMap":{"0":{"start":{"line":6,"column":2},"end":{"line":17,"column":4}},"1":{"start":{"line":10,"column":8},"end":{"line":13,"column":9}},"2":{"start":{"line":12,"column":10},"end":{"line":12,"column":65}},"3":{"start":{"line":14,"column":8},"end":{"line":14,"column":30}}},"fnMap":{"0":{"name":"HapticTab","decl":{"start":{"line":5,"column":16},"end":{"line":5,"column":25}},"loc":{"start":{"line":5,"column":58},"end":{"line":18,"column":1}},"line":5},"1":{"name":"(anonymous_1)","decl":{"start":{"line":9,"column":17},"end":{"line":9,"column":18}},"loc":{"start":{"line":9,"column":25},"end":{"line":15,"column":7}},"line":9}},"branchMap":{"0":{"loc":{"start":{"line":10,"column":8},"end":{"line":13,"column":9}},"type":"if","locations":[{"start":{"line":10,"column":8},"end":{"line":13,"column":9}},{"start":{},"end":{}}],"line":10}},"s":{"0":0,"1":0,"2":0,"3":0},"f":{"0":0,"1":0},"b":{"0":[0,0]}}
,"/home/remi/Projects/relay/Relay/app-example/components/hello-wave.tsx": {"path":"/home/remi/Projects/relay/Relay/app-example/components/hello-wave.tsx","statementMap":{"0":{"start":{"line":4,"column":2},"end":{"line":18,"column":4}}},"fnMap":{"0":{"name":"HelloWave","decl":{"start":{"line":3,"column":16},"end":{"line":3,"column":25}},"loc":{"start":{"line":3,"column":28},"end":{"line":19,"column":1}},"line":3}},"branchMap":{},"s":{"0":0},"f":{"0":0},"b":{}}
,"/home/remi/Projects/relay/Relay/app-example/components/parallax-scroll-view.tsx": {"path":"/home/remi/Projects/relay/Relay/app-example/components/parallax-scroll-view.tsx","statementMap":{"0":{"start":{"line":14,"column":22},"end":{"line":14,"column":25}},"1":{"start":{"line":26,"column":26},"end":{"line":26,"column":57}},"2":{"start":{"line":27,"column":22},"end":{"line":27,"column":49}},"3":{"start":{"line":28,"column":20},"end":{"line":28,"column":57}},"4":{"start":{"line":29,"column":23},"end":{"line":29,"column":49}},"5":{"start":{"line":30,"column":30},"end":{"line":45,"column":4}},"6":{"start":{"line":31,"column":4},"end":{"line":44,"column":6}},"7":{"start":{"line":47,"column":2},"end":{"line":62,"column":4}},"8":{"start":{"line":65,"column":15},"end":{"line":79,"column":2}}},"fnMap":{"0":{"name":"ParallaxScrollView","decl":{"start":{"line":21,"column":24},"end":{"line":21,"column":42}},"loc":{"start":{"line":25,"column":10},"end":{"line":63,"column":1}},"line":25},"1":{"name":"(anonymous_1)","decl":{"start":{"line":30,"column":47},"end":{"line":30,"column":48}},"loc":{"start":{"line":30,"column":53},"end":{"line":45,"column":3}},"line":30}},"branchMap":{"0":{"loc":{"start":{"line":27,"column":22},"end":{"line":27,"column":49}},"type":"binary-expr","locations":[{"start":{"line":27,"column":22},"end":{"line":27,"column":38}},{"start":{"line":27,"column":42},"end":{"line":27,"column":49}}],"line":27}},"s":{"0":0,"1":0,"2":0,"3":0,"4":0,"5":0,"6":0,"7":0,"8":0},"f":{"0":0,"1":0},"b":{"0":[0,0]}}
,"/home/remi/Projects/relay/Relay/app-example/components/themed-text.tsx": {"path":"/home/remi/Projects/relay/Relay/app-example/components/themed-text.tsx","statementMap":{"0":{"start":{"line":18,"column":16},"end":{"line":18,"column":77}},"1":{"start":{"line":20,"column":2},"end":{"line":33,"column":4}},"2":{"start":{"line":36,"column":15},"end":{"line":60,"column":2}}},"fnMap":{"0":{"name":"ThemedText","decl":{"start":{"line":11,"column":16},"end":{"line":11,"column":26}},"loc":{"start":{"line":17,"column":20},"end":{"line":34,"column":1}},"line":17}},"branchMap":{"0":{"loc":{"start":{"line":15,"column":2},"end":{"line":15,"column":18}},"type":"default-arg","locations":[{"start":{"line":15,"column":9},"end":{"line":15,"column":18}}],"line":15},"1":{"loc":{"start":{"line":24,"column":8},"end":{"line":24,"column":55}},"type":"cond-expr","locations":[{"start":{"line":24,"column":29},"end":{"line":24,"column":43}},{"start":{"line":24,"column":46},"end":{"line":24,"column":55}}],"line":24},"2":{"loc":{"start":{"line":25,"column":8},"end":{"line":25,"column":51}},"type":"cond-expr","locations":[{"start":{"line":25,"column":27},"end":{"line":25,"column":39}},{"start":{"line":25,"column":42},"end":{"line":25,"column":51}}],"line":25},"3":{"loc":{"start":{"line":26,"column":8},"end":{"line":26,"column":71}},"type":"cond-expr","locations":[{"start":{"line":26,"column":37},"end":{"line":26,"column":59}},{"start":{"line":26,"column":62},"end":{"line":26,"column":71}}],"line":26},"4":{"loc":{"start":{"line":27,"column":8},"end":{"line":27,"column":57}},"type":"cond-expr","locations":[{"start":{"line":27,"column":30},"end":{"line":27,"column":45}},{"start":{"line":27,"column":48},"end":{"line":27,"column":57}}],"line":27},"5":{"loc":{"start":{"line":28,"column":8},"end":{"line":28,"column":49}},"type":"cond-expr","locations":[{"start":{"line":28,"column":26},"end":{"line":28,"column":37}},{"start":{"line":28,"column":40},"end":{"line":28,"column":49}}],"line":28}},"s":{"0":0,"1":0,"2":0},"f":{"0":0},"b":{"0":[0],"1":[0,0],"2":[0,0],"3":[0,0],"4":[0,0],"5":[0,0]}}
,"/home/remi/Projects/relay/Relay/app-example/components/themed-view.tsx": {"path":"/home/remi/Projects/relay/Relay/app-example/components/themed-view.tsx","statementMap":{"0":{"start":{"line":11,"column":26},"end":{"line":11,"column":93}},"1":{"start":{"line":13,"column":2},"end":{"line":13,"column":71}}},"fnMap":{"0":{"name":"ThemedView","decl":{"start":{"line":10,"column":16},"end":{"line":10,"column":26}},"loc":{"start":{"line":10,"column":93},"end":{"line":14,"column":1}},"line":10}},"branchMap":{},"s":{"0":0,"1":0},"f":{"0":0},"b":{}}
,"/home/remi/Projects/relay/Relay/app-example/components/ui/collapsible.tsx": {"path":"/home/remi/Projects/relay/Relay/app-example/components/ui/collapsible.tsx","statementMap":{"0":{"start":{"line":11,"column":30},"end":{"line":11,"column":45}},"1":{"start":{"line":12,"column":16},"end":{"line":12,"column":43}},"2":{"start":{"line":14,"column":2},"end":{"line":32,"column":4}},"3":{"start":{"line":18,"column":23},"end":{"line":18,"column":51}},"4":{"start":{"line":18,"column":44},"end":{"line":18,"column":50}},"5":{"start":{"line":35,"column":15},"end":{"line":45,"column":2}}},"fnMap":{"0":{"name":"Collapsible","decl":{"start":{"line":10,"column":16},"end":{"line":10,"column":27}},"loc":{"start":{"line":10,"column":88},"end":{"line":33,"column":1}},"line":10},"1":{"name":"(anonymous_1)","decl":{"start":{"line":18,"column":17},"end":{"line":18,"column":18}},"loc":{"start":{"line":18,"column":23},"end":{"line":18,"column":51}},"line":18},"2":{"name":"(anonymous_2)","decl":{"start":{"line":18,"column":33},"end":{"line":18,"column":34}},"loc":{"start":{"line":18,"column":44},"end":{"line":18,"column":50}},"line":18}},"branchMap":{"0":{"loc":{"start":{"line":12,"column":16},"end":{"line":12,"column":43}},"type":"binary-expr","locations":[{"start":{"line":12,"column":16},"end":{"line":12,"column":32}},{"start":{"line":12,"column":36},"end":{"line":12,"column":43}}],"line":12},"1":{"loc":{"start":{"line":24,"column":17},"end":{"line":24,"column":73}},"type":"cond-expr","locations":[{"start":{"line":24,"column":37},"end":{"line":24,"column":54}},{"start":{"line":24,"column":57},"end":{"line":24,"column":73}}],"line":24},"2":{"loc":{"start":{"line":25,"column":41},"end":{"line":25,"column":66}},"type":"cond-expr","locations":[{"start":{"line":25,"column":50},"end":{"line":25,"column":57}},{"start":{"line":25,"column":60},"end":{"line":25,"column":66}}],"line":25},"3":{"loc":{"start":{"line":30,"column":7},"end":{"line":30,"column":75}},"type":"binary-expr","locations":[{"start":{"line":30,"column":7},"end":{"line":30,"column":13}},{"start":{"line":30,"column":17},"end":{"line":30,"column":75}}],"line":30}},"s":{"0":0,"1":0,"2":0,"3":0,"4":0,"5":0},"f":{"0":0,"1":0,"2":0},"b":{"0":[0,0],"1":[0,0],"2":[0,0],"3":[0,0]}}
,"/home/remi/Projects/relay/Relay/app-example/components/ui/icon-symbol.ios.tsx": {"path":"/home/remi/Projects/relay/Relay/app-example/components/ui/icon-symbol.ios.tsx","statementMap":{"0":{"start":{"line":17,"column":2},"end":{"line":31,"column":4}}},"fnMap":{"0":{"name":"IconSymbol","decl":{"start":{"line":4,"column":16},"end":{"line":4,"column":26}},"loc":{"start":{"line":16,"column":3},"end":{"line":32,"column":1}},"line":16}},"branchMap":{"0":{"loc":{"start":{"line":6,"column":2},"end":{"line":6,"column":11}},"type":"default-arg","locations":[{"start":{"line":6,"column":9},"end":{"line":6,"column":11}}],"line":6},"1":{"loc":{"start":{"line":9,"column":2},"end":{"line":9,"column":20}},"type":"default-arg","locations":[{"start":{"line":9,"column":11},"end":{"line":9,"column":20}}],"line":9}},"s":{"0":0},"f":{"0":0},"b":{"0":[0],"1":[0]}}
,"/home/remi/Projects/relay/Relay/app-example/components/ui/icon-symbol.tsx": {"path":"/home/remi/Projects/relay/Relay/app-example/components/ui/icon-symbol.tsx","statementMap":{"0":{"start":{"line":16,"column":16},"end":{"line":21,"column":16}},"1":{"start":{"line":40,"column":2},"end":{"line":40,"column":88}}},"fnMap":{"0":{"name":"IconSymbol","decl":{"start":{"line":28,"column":16},"end":{"line":28,"column":26}},"loc":{"start":{"line":39,"column":3},"end":{"line":41,"column":1}},"line":39}},"branchMap":{"0":{"loc":{"start":{"line":30,"column":2},"end":{"line":30,"column":11}},"type":"default-arg","locations":[{"start":{"line":30,"column":9},"end":{"line":30,"column":11}}],"line":30}},"s":{"0":0,"1":0},"f":{"0":0},"b":{"0":[0]}}
,"/home/remi/Projects/relay/Relay/app-example/constants/cards.js": {"path":"/home/remi/Projects/relay/Relay/app-example/constants/cards.js","statementMap":{"0":{"start":{"line":1,"column":22},"end":{"line":5,"column":1}},"1":{"start":{"line":7,"column":26},"end":{"line":11,"column":1}},"2":{"start":{"line":13,"column":27},"end":{"line":94,"column":1}}},"fnMap":{},"branchMap":{},"s":{"0":0,"1":0,"2":0},"f":{},"b":{}}
,"/home/remi/Projects/relay/Relay/app-example/constants/cards.ts": {"path":"/home/remi/Projects/relay/Relay/app-example/constants/cards.ts","statementMap":{"0":{"start":{"line":28,"column":29},"end":{"line":32,"column":1}},"1":{"start":{"line":33,"column":33},"end":{"line":37,"column":1}},"2":{"start":{"line":39,"column":27},"end":{"line":161,"column":1}}},"fnMap":{},"branchMap":{},"s":{"0":0,"1":0,"2":0},"f":{},"b":{}}
,"/home/remi/Projects/relay/Relay/app-example/constants/theme.ts": {"path":"/home/remi/Projects/relay/Relay/app-example/constants/theme.ts","statementMap":{"0":{"start":{"line":8,"column":23},"end":{"line":8,"column":32}},"1":{"start":{"line":9,"column":22},"end":{"line":9,"column":28}},"2":{"start":{"line":11,"column":22},"end":{"line":28,"column":1}},"3":{"start":{"line":30,"column":21},"end":{"line":53,"column":2}}},"fnMap":{},"branchMap":{},"s":{"0":0,"1":0,"2":0,"3":0},"f":{},"b":{}}
,"/home/remi/Projects/relay/Relay/app-example/hooks/use-color-scheme.ts": {"path":"/home/remi/Projects/relay/Relay/app-example/hooks/use-color-scheme.ts","statementMap":{},"fnMap":{},"branchMap":{},"s":{},"f":{},"b":{}}
,"/home/remi/Projects/relay/Relay/app-example/hooks/use-color-scheme.web.ts": {"path":"/home/remi/Projects/relay/Relay/app-example/hooks/use-color-scheme.web.ts","statementMap":{"0":{"start":{"line":8,"column":40},"end":{"line":8,"column":55}},"1":{"start":{"line":10,"column":2},"end":{"line":12,"column":9}},"2":{"start":{"line":11,"column":4},"end":{"line":11,"column":25}},"3":{"start":{"line":14,"column":22},"end":{"line":14,"column":40}},"4":{"start":{"line":16,"column":2},"end":{"line":18,"column":3}},"5":{"start":{"line":17,"column":4},"end":{"line":17,"column":23}},"6":{"start":{"line":20,"column":2},"end":{"line":20,"column":17}}},"fnMap":{"0":{"name":"useColorScheme","decl":{"start":{"line":7,"column":16},"end":{"line":7,"column":30}},"loc":{"start":{"line":7,"column":33},"end":{"line":21,"column":1}},"line":7},"1":{"name":"(anonymous_1)","decl":{"start":{"line":10,"column":12},"end":{"line":10,"column":13}},"loc":{"start":{"line":10,"column":18},"end":{"line":12,"column":3}},"line":10}},"branchMap":{"0":{"loc":{"start":{"line":16,"column":2},"end":{"line":18,"column":3}},"type":"if","locations":[{"start":{"line":16,"column":2},"end":{"line":18,"column":3}},{"start":{},"end":{}}],"line":16}},"s":{"0":0,"1":0,"2":0,"3":0,"4":0,"5":0,"6":0},"f":{"0":0,"1":0},"b":{"0":[0,0]}}
,"/home/remi/Projects/relay/Relay/app-example/hooks/use-theme-color.ts": {"path":"/home/remi/Projects/relay/Relay/app-example/hooks/use-theme-color.ts","statementMap":{"0":{"start":{"line":13,"column":16},"end":{"line":13,"column":43}},"1":{"start":{"line":14,"column":25},"end":{"line":14,"column":37}},"2":{"start":{"line":16,"column":2},"end":{"line":20,"column":3}},"3":{"start":{"line":17,"column":4},"end":{"line":17,"column":26}},"4":{"start":{"line":19,"column":4},"end":{"line":19,"column":36}}},"fnMap":{"0":{"name":"useThemeColor","decl":{"start":{"line":9,"column":16},"end":{"line":9,"column":29}},"loc":{"start":{"line":12,"column":2},"end":{"line":21,"column":1}},"line":12}},"branchMap":{"0":{"loc":{"start":{"line":13,"column":16},"end":{"line":13,"column":43}},"type":"binary-expr","locations":[{"start":{"line":13,"column":16},"end":{"line":13,"column":32}},{"start":{"line":13,"column":36},"end":{"line":13,"column":43}}],"line":13},"1":{"loc":{"start":{"line":16,"column":2},"end":{"line":20,"column":3}},"type":"if","locations":[{"start":{"line":16,"column":2},"end":{"line":20,"column":3}},{"start":{"line":18,"column":9},"end":{"line":20,"column":3}}],"line":16}},"s":{"0":0,"1":0,"2":0,"3":0,"4":0},"f":{"0":0},"b":{"0":[0,0],"1":[0,0]}}
,"/home/remi/Projects/relay/Relay/app-example/scripts/reset-project.js": {"path":"/home/remi/Projects/relay/Relay/app-example/scripts/reset-project.js","statementMap":{"0":{"start":{"line":9,"column":11},"end":{"line":9,"column":24}},"1":{"start":{"line":10,"column":13},"end":{"line":10,"column":28}},"2":{"start":{"line":11,"column":17},"end":{"line":11,"column":36}},"3":{"start":{"line":13,"column":13},"end":{"line":13,"column":26}},"4":{"start":{"line":14,"column":16},"end":{"line":14,"column":70}},"5":{"start":{"line":15,"column":19},"end":{"line":15,"column":32}},"6":{"start":{"line":16,"column":18},"end":{"line":16,"column":23}},"7":{"start":{"line":17,"column":23},"end":{"line":17,"column":50}},"8":{"start":{"line":19,"column":21},"end":{"line":34,"column":1}},"9":{"start":{"line":36,"column":22},"end":{"line":41,"column":1}},"10":{"start":{"line":43,"column":11},"end":{"line":46,"column":2}},"11":{"start":{"line":48,"column":24},"end":{"line":99,"column":1}},"12":{"start":{"line":49,"column":2},"end":{"line":98,"column":3}},"13":{"start":{"line":50,"column":4},"end":{"line":54,"column":5}},"14":{"start":{"line":52,"column":6},"end":{"line":52,"column":67}},"15":{"start":{"line":53,"column":6},"end":{"line":53,"column":58}},"16":{"start":{"line":57,"column":4},"end":{"line":71,"column":5}},"17":{"start":{"line":58,"column":25},"end":{"line":58,"column":45}},"18":{"start":{"line":59,"column":6},"end":{"line":70,"column":7}},"19":{"start":{"line":60,"column":8},"end":{"line":67,"column":9}},"20":{"start":{"line":61,"column":29},"end":{"line":61,"column":61}},"21":{"start":{"line":62,"column":10},"end":{"line":62,"column":59}},"22":{"start":{"line":63,"column":10},"end":{"line":63,"column":68}},"23":{"start":{"line":65,"column":10},"end":{"line":65,"column":77}},"24":{"start":{"line":66,"column":10},"end":{"line":66,"column":44}},"25":{"start":{"line":69,"column":8},"end":{"line":69,"column":60}},"26":{"start":{"line":74,"column":26},"end":{"line":74,"column":52}},"27":{"start":{"line":75,"column":4},"end":{"line":75,"column":64}},"28":{"start":{"line":76,"column":4},"end":{"line":76,"column":52}},"29":{"start":{"line":79,"column":22},"end":{"line":79,"column":59}},"30":{"start":{"line":80,"column":4},"end":{"line":80,"column":57}},"31":{"start":{"line":81,"column":4},"end":{"line":81,"column":45}},"32":{"start":{"line":84,"column":23},"end":{"line":84,"column":62}},"33":{"start":{"line":85,"column":4},"end":{"line":85,"column":59}},"34":{"start":{"line":86,"column":4},"end":{"line":86,"column":47}},"35":{"start":{"line":88,"column":4},"end":{"line":88,"column":59}},"36":{"start":{"line":89,"column":4},"end":{"line":95,"column":6}},"37":{"start":{"line":97,"column":4},"end":{"line":97,"column":71}},"38":{"start":{"line":101,"column":0},"end":{"line":112,"column":2}},"39":{"start":{"line":104,"column":22},"end":{"line":104,"column":56}},"40":{"start":{"line":105,"column":4},"end":{"line":110,"column":5}},"41":{"start":{"line":106,"column":6},"end":{"line":106,"column":59}},"42":{"start":{"line":106,"column":47},"end":{"line":106,"column":57}},"43":{"start":{"line":108,"column":6},"end":{"line":108,"column":63}},"44":{"start":{"line":109,"column":6},"end":{"line":109,"column":17}}},"fnMap":{"0":{"name":"(anonymous_0)","decl":{"start":{"line":48,"column":24},"end":{"line":48,"column":25}},"loc":{"start":{"line":48,"column":45},"end":{"line":99,"column":1}},"line":48},"1":{"name":"(anonymous_1)","decl":{"start":{"line":103,"column":2},"end":{"line":103,"column":3}},"loc":{"start":{"line":103,"column":14},"end":{"line":111,"column":3}},"line":103},"2":{"name":"(anonymous_2)","decl":{"start":{"line":106,"column":41},"end":{"line":106,"column":42}},"loc":{"start":{"line":106,"column":47},"end":{"line":106,"column":57}},"line":106}},"branchMap":{"0":{"loc":{"start":{"line":50,"column":4},"end":{"line":54,"column":5}},"type":"if","locations":[{"start":{"line":50,"column":4},"end":{"line":54,"column":5}},{"start":{},"end":{}}],"line":50},"1":{"loc":{"start":{"line":59,"column":6},"end":{"line":70,"column":7}},"type":"if","locations":[{"start":{"line":59,"column":6},"end":{"line":70,"column":7}},{"start":{"line":68,"column":13},"end":{"line":70,"column":7}}],"line":59},"2":{"loc":{"start":{"line":60,"column":8},"end":{"line":67,"column":9}},"type":"if","locations":[{"start":{"line":60,"column":8},"end":{"line":67,"column":9}},{"start":{"line":64,"column":15},"end":{"line":67,"column":9}}],"line":60},"3":{"loc":{"start":{"line":91,"column":8},"end":{"line":93,"column":14}},"type":"cond-expr","locations":[{"start":{"line":92,"column":12},"end":{"line":92,"column":87}},{"start":{"line":93,"column":12},"end":{"line":93,"column":14}}],"line":91},"4":{"loc":{"start":{"line":104,"column":22},"end":{"line":104,"column":56}},"type":"binary-expr","locations":[{"start":{"line":104,"column":22},"end":{"line":104,"column":49}},{"start":{"line":104,"column":53},"end":{"line":104,"column":56}}],"line":104},"5":{"loc":{"start":{"line":105,"column":4},"end":{"line":110,"column":5}},"type":"if","locations":[{"start":{"line":105,"column":4},"end":{"line":110,"column":5}},{"start":{"line":107,"column":11},"end":{"line":110,"column":5}}],"line":105},"6":{"loc":{"start":{"line":105,"column":8},"end":{"line":105,"column":46}},"type":"binary-expr","locations":[{"start":{"line":105,"column":8},"end":{"line":105,"column":25}},{"start":{"line":105,"column":29},"end":{"line":105,"column":46}}],"line":105}},"s":{"0":0,"1":0,"2":0,"3":0,"4":0,"5":0,"6":0,"7":0,"8":0,"9":0,"10":0,"11":0,"12":0,"13":0,"14":0,"15":0,"16":0,"17":0,"18":0,"19":0,"20":0,"21":0,"22":0,"23":0,"24":0,"25":0,"26":0,"27":0,"28":0,"29":0,"30":0,"31":0,"32":0,"33":0,"34":0,"35":0,"36":0,"37":0,"38":0,"39":0,"40":0,"41":0,"42":0,"43":0,"44":0},"f":{"0":0,"1":0,"2":0},"b":{"0":[0,0],"1":[0,0],"2":[0,0],"3":[0,0],"4":[0,0],"5":[0,0],"6":[0,0]}}
,"/home/remi/Projects/relay/Relay/app/cards/[id].tsx": {"path":"/home/remi/Projects/relay/Relay/app/cards/[id].tsx","statementMap":{"0":{"start":{"line":8,"column":17},"end":{"line":8,"column":55}},"1":{"start":{"line":9,"column":26},"end":{"line":9,"column":36}},"2":{"start":{"line":10,"column":21},"end":{"line":10,"column":36}},"3":{"start":{"line":12,"column":15},"end":{"line":12,"column":42}},"4":{"start":{"line":15,"column":2},"end":{"line":20,"column":25}},"5":{"start":{"line":16,"column":4},"end":{"line":18,"column":5}},"6":{"start":{"line":17,"column":6},"end":{"line":17,"column":51}},"7":{"start":{"line":22,"column":2},"end":{"line":24,"column":3}},"8":{"start":{"line":23,"column":4},"end":{"line":23,"column":41}},"9":{"start":{"line":26,"column":2},"end":{"line":28,"column":3}},"10":{"start":{"line":27,"column":4},"end":{"line":27,"column":40}},"11":{"start":{"line":30,"column":2},"end":{"line":30,"column":34}}},"fnMap":{"0":{"name":"CardScreen","decl":{"start":{"line":7,"column":24},"end":{"line":7,"column":34}},"loc":{"start":{"line":7,"column":37},"end":{"line":31,"column":1}},"line":7},"1":{"name":"(anonymous_1)","decl":{"start":{"line":15,"column":18},"end":{"line":15,"column":19}},"loc":{"start":{"line":15,"column":24},"end":{"line":20,"column":3}},"line":15}},"branchMap":{"0":{"loc":{"start":{"line":12,"column":15},"end":{"line":12,"column":42}},"type":"cond-expr","locations":[{"start":{"line":12,"column":20},"end":{"line":12,"column":35}},{"start":{"line":12,"column":38},"end":{"line":12,"column":42}}],"line":12},"1":{"loc":{"start":{"line":16,"column":4},"end":{"line":18,"column":5}},"type":"if","locations":[{"start":{"line":16,"column":4},"end":{"line":18,"column":5}},{"start":{},"end":{}}],"line":16},"2":{"loc":{"start":{"line":22,"column":2},"end":{"line":24,"column":3}},"type":"if","locations":[{"start":{"line":22,"column":2},"end":{"line":24,"column":3}},{"start":{},"end":{}}],"line":22},"3":{"loc":{"start":{"line":26,"column":2},"end":{"line":28,"column":3}},"type":"if","locations":[{"start":{"line":26,"column":2},"end":{"line":28,"column":3}},{"start":{},"end":{}}],"line":26}},"s":{"0":0,"1":0,"2":0,"3":0,"4":0,"5":0,"6":0,"7":0,"8":0,"9":0,"10":0,"11":0},"f":{"0":0,"1":0},"b":{"0":[0,0],"1":[0,0],"2":[0,0],"3":[0,0]}}
,"/home/remi/Projects/relay/Relay/app/cards/create.tsx": {"path":"/home/remi/Projects/relay/Relay/app/cards/create.tsx","statementMap":{"0":{"start":{"line":31,"column":17},"end":{"line":31,"column":28}},"1":{"start":{"line":32,"column":22},"end":{"line":32,"column":32}},"2":{"start":{"line":33,"column":26},"end":{"line":33,"column":41}},"3":{"start":{"line":34,"column":22},"end":{"line":34,"column":38}},"4":{"start":{"line":35,"column":16},"end":{"line":35,"column":65}},"5":{"start":{"line":37,"column":28},"end":{"line":37,"column":40}},"6":{"start":{"line":38,"column":32},"end":{"line":38,"column":44}},"7":{"start":{"line":39,"column":58},"end":{"line":41,"column":9}},"8":{"start":{"line":42,"column":56},"end":{"line":42,"column":71}},"9":{"start":{"line":43,"column":23},"end":{"line":43,"column":41}},"10":{"start":{"line":46,"column":24},"end":{"line":46,"column":50}},"11":{"start":{"line":48,"column":21},"end":{"line":76,"column":3}},"12":{"start":{"line":49,"column":4},"end":{"line":52,"column":5}},"13":{"start":{"line":50,"column":6},"end":{"line":50,"column":53}},"14":{"start":{"line":51,"column":6},"end":{"line":51,"column":13}},"15":{"start":{"line":54,"column":26},"end":{"line":72,"column":5}},"16":{"start":{"line":74,"column":4},"end":{"line":74,"column":21}},"17":{"start":{"line":75,"column":4},"end":{"line":75,"column":18}},"18":{"start":{"line":78,"column":28},"end":{"line":82,"column":3}},"19":{"start":{"line":79,"column":4},"end":{"line":79,"column":45}},"20":{"start":{"line":79,"column":31},"end":{"line":79,"column":45}},"21":{"start":{"line":80,"column":23},"end":{"line":80,"column":77}},"22":{"start":{"line":80,"column":47},"end":{"line":80,"column":76}},"23":{"start":{"line":81,"column":4},"end":{"line":81,"column":49}},"24":{"start":{"line":84,"column":2},"end":{"line":286,"column":4}},"25":{"start":{"line":137,"column":27},"end":{"line":137,"column":55}},"26":{"start":{"line":165,"column":27},"end":{"line":165,"column":40}},"27":{"start":{"line":199,"column":30},"end":{"line":199,"column":59}},"28":{"start":{"line":222,"column":16},"end":{"line":222,"column":46}},"29":{"start":{"line":223,"column":16},"end":{"line":223,"column":46}},"30":{"start":{"line":238,"column":14},"end":{"line":258,"column":26}},"31":{"start":{"line":245,"column":18},"end":{"line":245,"column":57}},"32":{"start":{"line":246,"column":18},"end":{"line":246,"column":48}},"33":{"start":{"line":267,"column":29},"end":{"line":267,"column":58}},"34":{"start":{"line":289,"column":15},"end":{"line":396,"column":2}}},"fnMap":{"0":{"name":"CreateCardScreen","decl":{"start":{"line":30,"column":24},"end":{"line":30,"column":40}},"loc":{"start":{"line":30,"column":43},"end":{"line":287,"column":1}},"line":30},"1":{"name":"(anonymous_1)","decl":{"start":{"line":48,"column":21},"end":{"line":48,"column":22}},"loc":{"start":{"line":48,"column":27},"end":{"line":76,"column":3}},"line":48},"2":{"name":"(anonymous_2)","decl":{"start":{"line":78,"column":28},"end":{"line":78,"column":29}},"loc":{"start":{"line":78,"column":34},"end":{"line":82,"column":3}},"line":78},"3":{"name":"(anonymous_3)","decl":{"start":{"line":80,"column":40},"end":{"line":80,"column":41}},"loc":{"start":{"line":80,"column":47},"end":{"line":80,"column":76}},"line":80},"4":{"name":"(anonymous_4)","decl":{"start":{"line":137,"column":21},"end":{"line":137,"column":22}},"loc":{"start":{"line":137,"column":27},"end":{"line":137,"column":55}},"line":137},"5":{"name":"(anonymous_5)","decl":{"start":{"line":165,"column":21},"end":{"line":165,"column":22}},"loc":{"start":{"line":165,"column":27},"end":{"line":165,"column":40}},"line":165},"6":{"name":"(anonymous_6)","decl":{"start":{"line":199,"column":24},"end":{"line":199,"column":25}},"loc":{"start":{"line":199,"column":30},"end":{"line":199,"column":59}},"line":199},"7":{"name":"(anonymous_7)","decl":{"start":{"line":221,"column":23},"end":{"line":221,"column":24}},"loc":{"start":{"line":221,"column":29},"end":{"line":224,"column":15}},"line":221},"8":{"name":"(anonymous_8)","decl":{"start":{"line":237,"column":29},"end":{"line":237,"column":30}},"loc":{"start":{"line":238,"column":14},"end":{"line":258,"column":26}},"line":238},"9":{"name":"(anonymous_9)","decl":{"start":{"line":244,"column":25},"end":{"line":244,"column":26}},"loc":{"start":{"line":244,"column":31},"end":{"line":247,"column":17}},"line":244},"10":{"name":"(anonymous_10)","decl":{"start":{"line":267,"column":23},"end":{"line":267,"column":24}},"loc":{"start":{"line":267,"column":29},"end":{"line":267,"column":58}},"line":267}},"branchMap":{"0":{"loc":{"start":{"line":35,"column":23},"end":{"line":35,"column":64}},"type":"cond-expr","locations":[{"start":{"line":35,"column":48},"end":{"line":35,"column":54}},{"start":{"line":35,"column":57},"end":{"line":35,"column":64}}],"line":35},"1":{"loc":{"start":{"line":49,"column":4},"end":{"line":52,"column":5}},"type":"if","locations":[{"start":{"line":49,"column":4},"end":{"line":52,"column":5}},{"start":{},"end":{}}],"line":49},"2":{"loc":{"start":{"line":49,"column":8},"end":{"line":49,"column":40}},"type":"binary-expr","locations":[{"start":{"line":49,"column":8},"end":{"line":49,"column":21}},{"start":{"line":49,"column":25},"end":{"line":49,"column":40}}],"line":49},"3":{"loc":{"start":{"line":63,"column":21},"end":{"line":63,"column":71}},"type":"cond-expr","locations":[{"start":{"line":63,"column":44},"end":{"line":63,"column":66}},{"start":{"line":63,"column":69},"end":{"line":63,"column":71}}],"line":63},"4":{"loc":{"start":{"line":79,"column":4},"end":{"line":79,"column":45}},"type":"if","locations":[{"start":{"line":79,"column":4},"end":{"line":79,"column":45}},{"start":{},"end":{}}],"line":79},"5":{"loc":{"start":{"line":81,"column":11},"end":{"line":81,"column":48}},"type":"cond-expr","locations":[{"start":{"line":81,"column":24},"end":{"line":81,"column":39}},{"start":{"line":81,"column":42},"end":{"line":81,"column":48}}],"line":81},"6":{"loc":{"start":{"line":139,"column":14},"end":{"line":139,"column":66}},"type":"binary-expr","locations":[{"start":{"line":139,"column":14},"end":{"line":139,"column":33}},{"start":{"line":139,"column":37},"end":{"line":139,"column":66}}],"line":139},"7":{"loc":{"start":{"line":148,"column":15},"end":{"line":148,"column":68}},"type":"binary-expr","locations":[{"start":{"line":148,"column":15},"end":{"line":148,"column":34}},{"start":{"line":148,"column":38},"end":{"line":148,"column":68}}],"line":148},"8":{"loc":{"start":{"line":151,"column":20},"end":{"line":151,"column":77}},"type":"cond-expr","locations":[{"start":{"line":151,"column":42},"end":{"line":151,"column":57}},{"start":{"line":151,"column":60},"end":{"line":151,"column":77}}],"line":151}},"s":{"0":0,"1":0,"2":0,"3":0,"4":0,"5":0,"6":0,"7":0,"8":0,"9":0,"10":0,"11":0,"12":0,"13":0,"14":0,"15":0,"16":0,"17":0,"18":0,"19":0,"20":0,"21":0,"22":0,"23":0,"24":0,"25":0,"26":0,"27":0,"28":0,"29":0,"30":0,"31":0,"32":0,"33":0,"34":0},"f":{"0":0,"1":0,"2":0,"3":0,"4":0,"5":0,"6":0,"7":0,"8":0,"9":0,"10":0},"b":{"0":[0,0],"1":[0,0],"2":[0,0],"3":[0,0],"4":[0,0],"5":[0,0],"6":[0,0],"7":[0,0],"8":[0,0]}}
,"/home/remi/Projects/relay/Relay/components/CardView.tsx": {"path":"/home/remi/Projects/relay/Relay/components/CardView.tsx","statementMap":{"0":{"start":{"line":19,"column":32},"end":{"line":19,"column":47}},"1":{"start":{"line":20,"column":22},"end":{"line":20,"column":38}},"2":{"start":{"line":21,"column":16},"end":{"line":21,"column":65}},"3":{"start":{"line":24,"column":32},"end":{"line":27,"column":3}},"4":{"start":{"line":26,"column":4},"end":{"line":26,"column":20}},"5":{"start":{"line":29,"column":2},"end":{"line":115,"column":4}},"6":{"start":{"line":49,"column":29},"end":{"line":49,"column":50}},"7":{"start":{"line":50,"column":10},"end":{"line":50,"column":39}},"8":{"start":{"line":50,"column":27},"end":{"line":50,"column":39}},"9":{"start":{"line":51,"column":10},"end":{"line":62,"column":12}},"10":{"start":{"line":98,"column":14},"end":{"line":107,"column":21}},"11":{"start":{"line":118,"column":15},"end":{"line":204,"column":2}}},"fnMap":{"0":{"name":"CardView","decl":{"start":{"line":18,"column":24},"end":{"line":18,"column":32}},"loc":{"start":{"line":18,"column":59},"end":{"line":116,"column":1}},"line":18},"1":{"name":"(anonymous_1)","decl":{"start":{"line":24,"column":32},"end":{"line":24,"column":33}},"loc":{"start":{"line":24,"column":54},"end":{"line":27,"column":3}},"line":24},"2":{"name":"(anonymous_2)","decl":{"start":{"line":48,"column":33},"end":{"line":48,"column":34}},"loc":{"start":{"line":48,"column":41},"end":{"line":63,"column":9}},"line":48},"3":{"name":"(anonymous_3)","decl":{"start":{"line":97,"column":28},"end":{"line":97,"column":29}},"loc":{"start":{"line":98,"column":14},"end":{"line":107,"column":21}},"line":98}},"branchMap":{"0":{"loc":{"start":{"line":21,"column":23},"end":{"line":21,"column":64}},"type":"cond-expr","locations":[{"start":{"line":21,"column":48},"end":{"line":21,"column":54}},{"start":{"line":21,"column":57},"end":{"line":21,"column":64}}],"line":21},"1":{"loc":{"start":{"line":42,"column":37},"end":{"line":42,"column":61}},"type":"binary-expr","locations":[{"start":{"line":42,"column":37},"end":{"line":42,"column":47}},{"start":{"line":42,"column":51},"end":{"line":42,"column":61}}],"line":42},"2":{"loc":{"start":{"line":50,"column":10},"end":{"line":50,"column":39}},"type":"if","locations":[{"start":{"line":50,"column":10},"end":{"line":50,"column":39}},{"start":{},"end":{}}],"line":50},"3":{"loc":{"start":{"line":91,"column":9},"end":{"line":110,"column":9}},"type":"binary-expr","locations":[{"start":{"line":91,"column":9},"end":{"line":91,"column":18}},{"start":{"line":91,"column":22},"end":{"line":91,"column":42}},{"start":{"line":92,"column":10},"end":{"line":109,"column":17}}],"line":91}},"s":{"0":0,"1":0,"2":0,"3":0,"4":0,"5":0,"6":0,"7":0,"8":0,"9":0,"10":0,"11":0},"f":{"0":0,"1":0,"2":0,"3":0},"b":{"0":[0,0],"1":[0,0],"2":[0,0],"3":[0,0,0]}}
,"/home/remi/Projects/relay/Relay/constants/theme.ts": {"path":"/home/remi/Projects/relay/Relay/constants/theme.ts","statementMap":{"0":{"start":{"line":12,"column":23},"end":{"line":30,"column":1}},"1":{"start":{"line":32,"column":22},"end":{"line":57,"column":1}},"2":{"start":{"line":59,"column":23},"end":{"line":68,"column":1}},"3":{"start":{"line":70,"column":26},"end":{"line":87,"column":1}},"4":{"start":{"line":89,"column":28},"end":{"line":96,"column":1}},"5":{"start":{"line":98,"column":28},"end":{"line":102,"column":1}},"6":{"start":{"line":105,"column":20},"end":{"line":105,"column":47}},"7":{"start":{"line":108,"column":2},"end":{"line":108,"column":61}},"8":{"start":{"line":112,"column":2},"end":{"line":112,"column":57}}},"fnMap":{"0":{"name":"getCurrentTheme","decl":{"start":{"line":107,"column":16},"end":{"line":107,"column":31}},"loc":{"start":{"line":107,"column":34},"end":{"line":109,"column":1}},"line":107},"1":{"name":"getAdaptiveColor","decl":{"start":{"line":111,"column":16},"end":{"line":111,"column":32}},"loc":{"start":{"line":111,"column":72},"end":{"line":113,"column":1}},"line":111}},"branchMap":{"0":{"loc":{"start":{"line":108,"column":9},"end":{"line":108,"column":60}},"type":"cond-expr","locations":[{"start":{"line":108,"column":34},"end":{"line":108,"column":45}},{"start":{"line":108,"column":48},"end":{"line":108,"column":60}}],"line":108},"1":{"loc":{"start":{"line":112,"column":9},"end":{"line":112,"column":56}},"type":"cond-expr","locations":[{"start":{"line":112,"column":34},"end":{"line":112,"column":43}},{"start":{"line":112,"column":46},"end":{"line":112,"column":56}}],"line":112}},"s":{"0":0,"1":0,"2":0,"3":0,"4":0,"5":0,"6":0,"7":0,"8":0},"f":{"0":0,"1":0},"b":{"0":[0,0],"1":[0,0]}}
,"/home/remi/Projects/relay/Relay/dev-notes/jest.config-SAVE-1.js": {"path":"/home/remi/Projects/relay/Relay/dev-notes/jest.config-SAVE-1.js","statementMap":{"0":{"start":{"line":5,"column":0},"end":{"line":40,"column":2}}},"fnMap":{},"branchMap":{},"s":{"0":0},"f":{},"b":{}}
,"/home/remi/Projects/relay/Relay/dev-notes/tests/Card.test.ts": {"path":"/home/remi/Projects/relay/Relay/dev-notes/tests/Card.test.ts","statementMap":{"0":{"start":{"line":15,"column":0},"end":{"line":111,"column":3}},"1":{"start":{"line":16,"column":2},"end":{"line":43,"column":5}},"2":{"start":{"line":17,"column":23},"end":{"line":31,"column":5}},"3":{"start":{"line":33,"column":4},"end":{"line":33,"column":42}},"4":{"start":{"line":34,"column":4},"end":{"line":34,"column":40}},"5":{"start":{"line":35,"column":4},"end":{"line":35,"column":33}},"6":{"start":{"line":36,"column":4},"end":{"line":36,"column":34}},"7":{"start":{"line":37,"column":4},"end":{"line":37,"column":41}},"8":{"start":{"line":38,"column":4},"end":{"line":38,"column":53}},"9":{"start":{"line":39,"column":4},"end":{"line":39,"column":53}},"10":{"start":{"line":40,"column":4},"end":{"line":40,"column":61}},"11":{"start":{"line":41,"column":4},"end":{"line":41,"column":49}},"12":{"start":{"line":42,"column":4},"end":{"line":42,"column":41}},"13":{"start":{"line":45,"column":2},"end":{"line":75,"column":5}},"14":{"start":{"line":46,"column":23},"end":{"line":60,"column":5}},"15":{"start":{"line":62,"column":4},"end":{"line":62,"column":64}},"16":{"start":{"line":63,"column":4},"end":{"line":63,"column":40}},"17":{"start":{"line":64,"column":4},"end":{"line":64,"column":54}},"18":{"start":{"line":65,"column":4},"end":{"line":65,"column":33}},"19":{"start":{"line":66,"column":4},"end":{"line":66,"column":34}},"20":{"start":{"line":67,"column":4},"end":{"line":67,"column":43}},"21":{"start":{"line":68,"column":4},"end":{"line":68,"column":62}},"22":{"start":{"line":69,"column":4},"end":{"line":69,"column":53}},"23":{"start":{"line":70,"column":4},"end":{"line":70,"column":61}},"24":{"start":{"line":71,"column":4},"end":{"line":71,"column":37}},"25":{"start":{"line":72,"column":4},"end":{"line":72,"column":38}},"26":{"start":{"line":73,"column":4},"end":{"line":73,"column":49}},"27":{"start":{"line":74,"column":4},"end":{"line":74,"column":41}}},"fnMap":{"0":{"name":"(anonymous_0)","decl":{"start":{"line":15,"column":23},"end":{"line":15,"column":24}},"loc":{"start":{"line":15,"column":29},"end":{"line":111,"column":1}},"line":15},"1":{"name":"(anonymous_1)","decl":{"start":{"line":16,"column":54},"end":{"line":16,"column":55}},"loc":{"start":{"line":16,"column":60},"end":{"line":43,"column":3}},"line":16},"2":{"name":"(anonymous_2)","decl":{"start":{"line":45,"column":54},"end":{"line":45,"column":55}},"loc":{"start":{"line":45,"column":60},"end":{"line":75,"column":3}},"line":45}},"branchMap":{},"s":{"0":0,"1":0,"2":0,"3":0,"4":0,"5":0,"6":0,"7":0,"8":0,"9":0,"10":0,"11":0,"12":0,"13":0,"14":0,"15":0,"16":0,"17":0,"18":0,"19":0,"20":0,"21":0,"22":0,"23":0,"24":0,"25":0,"26":0,"27":0},"f":{"0":0,"1":0,"2":0},"b":{}}
,"/home/remi/Projects/relay/Relay/dev-notes/tests/CardsContext.test.tsx": {"path":"/home/remi/Projects/relay/Relay/dev-notes/tests/CardsContext.test.tsx","statementMap":{},"fnMap":{},"branchMap":{},"s":{},"f":{},"b":{}}
,"/home/remi/Projects/relay/Relay/dev-notes/tests/cards.storage.test.ts": {"path":"/home/remi/Projects/relay/Relay/dev-notes/tests/cards.storage.test.ts","statementMap":{},"fnMap":{},"branchMap":{},"s":{},"f":{},"b":{}}
,"/home/remi/Projects/relay/Relay/dev-notes/tests/cards.templates.test.ts": {"path":"/home/remi/Projects/relay/Relay/dev-notes/tests/cards.templates.test.ts","statementMap":{},"fnMap":{},"branchMap":{},"s":{},"f":{},"b":{}}
,"/home/remi/Projects/relay/Relay/domain/accessibility/AccessibilityContext.tsx": {"path":"/home/remi/Projects/relay/Relay/domain/accessibility/AccessibilityContext.tsx","statementMap":{"0":{"start":{"line":43,"column":47},"end":{"line":53,"column":1}},"1":{"start":{"line":55,"column":29},"end":{"line":57,"column":1}},"2":{"start":{"line":61,"column":4},"end":{"line":61,"column":52}},"3":{"start":{"line":63,"column":4},"end":{"line":63,"column":19}},"4":{"start":{"line":65,"column":2},"end":{"line":80,"column":9}},"5":{"start":{"line":67,"column":4},"end":{"line":69,"column":6}},"6":{"start":{"line":72,"column":25},"end":{"line":75,"column":5}},"7":{"start":{"line":77,"column":4},"end":{"line":79,"column":6}},"8":{"start":{"line":78,"column":6},"end":{"line":78,"column":28}},"9":{"start":{"line":83,"column":2},"end":{"line":87,"column":35}},"10":{"start":{"line":84,"column":4},"end":{"line":86,"column":5}},"11":{"start":{"line":85,"column":6},"end":{"line":85,"column":75}},"12":{"start":{"line":85,"column":29},"end":{"line":85,"column":72}},"13":{"start":{"line":89,"column":25},"end":{"line":91,"column":3}},"14":{"start":{"line":90,"column":4},"end":{"line":90,"column":57}},"15":{"start":{"line":90,"column":27},"end":{"line":90,"column":54}},"16":{"start":{"line":93,"column":24},"end":{"line":176,"column":3}},"17":{"start":{"line":97,"column":4},"end":{"line":175,"column":7}},"18":{"start":{"line":98,"column":27},"end":{"line":98,"column":36}},"19":{"start":{"line":101,"column":6},"end":{"line":160,"column":7}},"20":{"start":{"line":102,"column":8},"end":{"line":102,"column":25}},"21":{"start":{"line":105,"column":8},"end":{"line":159,"column":9}},"22":{"start":{"line":108,"column":12},"end":{"line":108,"column":44}},"23":{"start":{"line":109,"column":12},"end":{"line":109,"column":18}},"24":{"start":{"line":111,"column":12},"end":{"line":116,"column":36}},"25":{"start":{"line":117,"column":12},"end":{"line":117,"column":18}},"26":{"start":{"line":119,"column":12},"end":{"line":124,"column":38}},"27":{"start":{"line":125,"column":12},"end":{"line":125,"column":18}},"28":{"start":{"line":127,"column":12},"end":{"line":132,"column":34}},"29":{"start":{"line":133,"column":12},"end":{"line":133,"column":18}},"30":{"start":{"line":135,"column":12},"end":{"line":135,"column":79}},"31":{"start":{"line":136,"column":12},"end":{"line":136,"column":18}},"32":{"start":{"line":138,"column":12},"end":{"line":139,"column":78}},"33":{"start":{"line":140,"column":12},"end":{"line":140,"column":18}},"34":{"start":{"line":142,"column":12},"end":{"line":147,"column":38}},"35":{"start":{"line":148,"column":12},"end":{"line":148,"column":18}},"36":{"start":{"line":150,"column":12},"end":{"line":155,"column":38}},"37":{"start":{"line":156,"column":12},"end":{"line":156,"column":18}},"38":{"start":{"line":158,"column":12},"end":{"line":158,"column":36}},"39":{"start":{"line":163,"column":6},"end":{"line":172,"column":7}},"40":{"start":{"line":164,"column":8},"end":{"line":171,"column":10}},"41":{"start":{"line":174,"column":6},"end":{"line":174,"column":42}},"42":{"start":{"line":178,"column":26},"end":{"line":180,"column":3}},"43":{"start":{"line":179,"column":4},"end":{"line":179,"column":33}},"44":{"start":{"line":184,"column":4},"end":{"line":184,"column":78}},"45":{"start":{"line":186,"column":2},"end":{"line":198,"column":4}},"46":{"start":{"line":202,"column":14},"end":{"line":202,"column":46}},"47":{"start":{"line":203,"column":2},"end":{"line":207,"column":3}},"48":{"start":{"line":204,"column":4},"end":{"line":206,"column":6}},"49":{"start":{"line":208,"column":2},"end":{"line":208,"column":13}},"50":{"start":{"line":212,"column":23},"end":{"line":212,"column":41}},"51":{"start":{"line":213,"column":2},"end":{"line":213,"column":25}},"52":{"start":{"line":217,"column":23},"end":{"line":217,"column":41}},"53":{"start":{"line":218,"column":2},"end":{"line":218,"column":27}}},"fnMap":{"0":{"name":"AccessibilityProvider","decl":{"start":{"line":59,"column":16},"end":{"line":59,"column":37}},"loc":{"start":{"line":59,"column":77},"end":{"line":199,"column":1}},"line":59},"1":{"name":"(anonymous_1)","decl":{"start":{"line":65,"column":12},"end":{"line":65,"column":13}},"loc":{"start":{"line":65,"column":18},"end":{"line":80,"column":3}},"line":65},"2":{"name":"(anonymous_2)","decl":{"start":{"line":77,"column":11},"end":{"line":77,"column":12}},"loc":{"start":{"line":77,"column":17},"end":{"line":79,"column":5}},"line":77},"3":{"name":"(anonymous_3)","decl":{"start":{"line":83,"column":12},"end":{"line":83,"column":13}},"loc":{"start":{"line":83,"column":18},"end":{"line":87,"column":3}},"line":83},"4":{"name":"(anonymous_4)","decl":{"start":{"line":85,"column":18},"end":{"line":85,"column":19}},"loc":{"start":{"line":85,"column":29},"end":{"line":85,"column":72}},"line":85},"5":{"name":"(anonymous_5)","decl":{"start":{"line":89,"column":25},"end":{"line":89,"column":26}},"loc":{"start":{"line":89,"column":74},"end":{"line":91,"column":3}},"line":89},"6":{"name":"(anonymous_6)","decl":{"start":{"line":90,"column":16},"end":{"line":90,"column":17}},"loc":{"start":{"line":90,"column":27},"end":{"line":90,"column":54}},"line":90},"7":{"name":"(anonymous_7)","decl":{"start":{"line":93,"column":24},"end":{"line":93,"column":25}},"loc":{"start":{"line":96,"column":7},"end":{"line":176,"column":3}},"line":96},"8":{"name":"(anonymous_8)","decl":{"start":{"line":97,"column":16},"end":{"line":97,"column":17}},"loc":{"start":{"line":97,"column":26},"end":{"line":175,"column":5}},"line":97},"9":{"name":"(anonymous_9)","decl":{"start":{"line":178,"column":26},"end":{"line":178,"column":27}},"loc":{"start":{"line":178,"column":32},"end":{"line":180,"column":3}},"line":178},"10":{"name":"useAccessibility","decl":{"start":{"line":201,"column":16},"end":{"line":201,"column":32}},"loc":{"start":{"line":201,"column":35},"end":{"line":209,"column":1}},"line":201},"11":{"name":"useMotionSetting","decl":{"start":{"line":211,"column":16},"end":{"line":211,"column":32}},"loc":{"start":{"line":211,"column":35},"end":{"line":214,"column":1}},"line":211},"12":{"name":"useCalmMode","decl":{"start":{"line":216,"column":16},"end":{"line":216,"column":27}},"loc":{"start":{"line":216,"column":30},"end":{"line":219,"column":1}},"line":216}},"branchMap":{"0":{"loc":{"start":{"line":84,"column":4},"end":{"line":86,"column":5}},"type":"if","locations":[{"start":{"line":84,"column":4},"end":{"line":86,"column":5}},{"start":{},"end":{}}],"line":84},"1":{"loc":{"start":{"line":84,"column":8},"end":{"line":84,"column":64}},"type":"binary-expr","locations":[{"start":{"line":84,"column":8},"end":{"line":84,"column":34}},{"start":{"line":84,"column":38},"end":{"line":84,"column":64}}],"line":84},"2":{"loc":{"start":{"line":101,"column":6},"end":{"line":160,"column":7}},"type":"if","locations":[{"start":{"line":101,"column":6},"end":{"line":160,"column":7}},{"start":{"line":103,"column":13},"end":{"line":160,"column":7}}],"line":101},"3":{"loc":{"start":{"line":105,"column":8},"end":{"line":159,"column":9}},"type":"switch","locations":[{"start":{"line":106,"column":10},"end":{"line":106,"column":26}},{"start":{"line":107,"column":10},"end":{"line":109,"column":18}},{"start":{"line":110,"column":10},"end":{"line":117,"column":18}},{"start":{"line":118,"column":10},"end":{"line":125,"column":18}},{"start":{"line":126,"column":10},"end":{"line":133,"column":18}},{"start":{"line":134,"column":10},"end":{"line":136,"column":18}},{"start":{"line":137,"column":10},"end":{"line":140,"column":18}},{"start":{"line":141,"column":10},"end":{"line":148,"column":18}},{"start":{"line":149,"column":10},"end":{"line":156,"column":18}},{"start":{"line":157,"column":10},"end":{"line":158,"column":36}}],"line":105},"4":{"loc":{"start":{"line":112,"column":14},"end":{"line":116,"column":35}},"type":"cond-expr","locations":[{"start":{"line":113,"column":18},"end":{"line":113,"column":27}},{"start":{"line":114,"column":18},"end":{"line":116,"column":35}}],"line":112},"5":{"loc":{"start":{"line":114,"column":18},"end":{"line":116,"column":35}},"type":"cond-expr","locations":[{"start":{"line":115,"column":20},"end":{"line":115,"column":26}},{"start":{"line":116,"column":21},"end":{"line":116,"column":34}}],"line":114},"6":{"loc":{"start":{"line":120,"column":14},"end":{"line":124,"column":37}},"type":"cond-expr","locations":[{"start":{"line":121,"column":18},"end":{"line":121,"column":27}},{"start":{"line":122,"column":18},"end":{"line":124,"column":37}}],"line":120},"7":{"loc":{"start":{"line":122,"column":18},"end":{"line":124,"column":37}},"type":"cond-expr","locations":[{"start":{"line":123,"column":20},"end":{"line":123,"column":25}},{"start":{"line":124,"column":21},"end":{"line":124,"column":36}}],"line":122},"8":{"loc":{"start":{"line":128,"column":14},"end":{"line":132,"column":33}},"type":"cond-expr","locations":[{"start":{"line":129,"column":18},"end":{"line":129,"column":24}},{"start":{"line":130,"column":18},"end":{"line":132,"column":33}}],"line":128},"9":{"loc":{"start":{"line":130,"column":18},"end":{"line":132,"column":33}},"type":"cond-expr","locations":[{"start":{"line":131,"column":20},"end":{"line":131,"column":25}},{"start":{"line":132,"column":21},"end":{"line":132,"column":32}}],"line":130},"10":{"loc":{"start":{"line":135,"column":23},"end":{"line":135,"column":78}},"type":"cond-expr","locations":[{"start":{"line":135,"column":51},"end":{"line":135,"column":58}},{"start":{"line":135,"column":62},"end":{"line":135,"column":77}}],"line":135},"11":{"loc":{"start":{"line":139,"column":14},"end":{"line":139,"column":77}},"type":"cond-expr","locations":[{"start":{"line":139,"column":43},"end":{"line":139,"column":56}},{"start":{"line":139,"column":60},"end":{"line":139,"column":76}}],"line":139},"12":{"loc":{"start":{"line":143,"column":14},"end":{"line":147,"column":37}},"type":"cond-expr","locations":[{"start":{"line":144,"column":18},"end":{"line":144,"column":25}},{"start":{"line":145,"column":18},"end":{"line":147,"column":37}}],"line":143},"13":{"loc":{"start":{"line":145,"column":18},"end":{"line":147,"column":37}},"type":"cond-expr","locations":[{"start":{"line":146,"column":20},"end":{"line":146,"column":26}},{"start":{"line":147,"column":21},"end":{"line":147,"column":36}}],"line":145},"14":{"loc":{"start":{"line":151,"column":14},"end":{"line":155,"column":37}},"type":"cond-expr","locations":[{"start":{"line":152,"column":18},"end":{"line":152,"column":25}},{"start":{"line":153,"column":18},"end":{"line":155,"column":37}}],"line":151},"15":{"loc":{"start":{"line":153,"column":18},"end":{"line":155,"column":37}},"type":"cond-expr","locations":[{"start":{"line":154,"column":20},"end":{"line":154,"column":28}},{"start":{"line":155,"column":21},"end":{"line":155,"column":36}}],"line":153},"16":{"loc":{"start":{"line":163,"column":6},"end":{"line":172,"column":7}},"type":"if","locations":[{"start":{"line":163,"column":6},"end":{"line":172,"column":7}},{"start":{},"end":{}}],"line":163},"17":{"loc":{"start":{"line":163,"column":10},"end":{"line":163,"column":49}},"type":"binary-expr","locations":[{"start":{"line":163,"column":10},"end":{"line":163,"column":28}},{"start":{"line":163,"column":32},"end":{"line":163,"column":49}}],"line":163},"18":{"loc":{"start":{"line":184,"column":4},"end":{"line":184,"column":78}},"type":"cond-expr","locations":[{"start":{"line":184,"column":54},"end":{"line":184,"column":60}},{"start":{"line":184,"column":63},"end":{"line":184,"column":78}}],"line":184},"19":{"loc":{"start":{"line":184,"column":4},"end":{"line":184,"column":51}},"type":"binary-expr","locations":[{"start":{"line":184,"column":4},"end":{"line":184,"column":21}},{"start":{"line":184,"column":25},"end":{"line":184,"column":51}}],"line":184},"20":{"loc":{"start":{"line":203,"column":2},"end":{"line":207,"column":3}},"type":"if","locations":[{"start":{"line":203,"column":2},"end":{"line":207,"column":3}},{"start":{},"end":{}}],"line":203}},"s":{"0":0,"1":0,"2":0,"3":0,"4":0,"5":0,"6":0,"7":0,"8":0,"9":0,"10":0,"11":0,"12":0,"13":0,"14":0,"15":0,"16":0,"17":0,"18":0,"19":0,"20":0,"21":0,"22":0,"23":0,"24":0,"25":0,"26":0,"27":0,"28":0,"29":0,"30":0,"31":0,"32":0,"33":0,"34":0,"35":0,"36":0,"37":0,"38":0,"39":0,"40":0,"41":0,"42":0,"43":0,"44":0,"45":0,"46":0,"47":0,"48":0,"49":0,"50":0,"51":0,"52":0,"53":0},"f":{"0":0,"1":0,"2":0,"3":0,"4":0,"5":0,"6":0,"7":0,"8":0,"9":0,"10":0,"11":0,"12":0},"b":{"0":[0,0],"1":[0,0],"2":[0,0],"3":[0,0,0,0,0,0,0,0,0,0],"4":[0,0],"5":[0,0],"6":[0,0],"7":[0,0],"8":[0,0],"9":[0,0],"10":[0,0],"11":[0,0],"12":[0,0],"13":[0,0],"14":[0,0],"15":[0,0],"16":[0,0],"17":[0,0],"18":[0,0],"19":[0,0],"20":[0,0]}}
,"/home/remi/Projects/relay/Relay/domain/bootstrap/first-launch.ts": {"path":"/home/remi/Projects/relay/Relay/domain/bootstrap/first-launch.ts","statementMap":{"0":{"start":{"line":16,"column":32},"end":{"line":16,"column":51}},"1":{"start":{"line":23,"column":34},"end":{"line":41,"column":1}},"2":{"start":{"line":27,"column":2},"end":{"line":40,"column":3}},"3":{"start":{"line":28,"column":19},"end":{"line":28,"column":63}},"4":{"start":{"line":30,"column":4},"end":{"line":32,"column":5}},"5":{"start":{"line":31,"column":6},"end":{"line":31,"column":62}},"6":{"start":{"line":33,"column":16},"end":{"line":33,"column":40}},"7":{"start":{"line":34,"column":4},"end":{"line":34,"column":54}},"8":{"start":{"line":36,"column":4},"end":{"line":36,"column":56}},"9":{"start":{"line":38,"column":4},"end":{"line":38,"column":59}},"10":{"start":{"line":39,"column":4},"end":{"line":39,"column":48}},"11":{"start":{"line":44,"column":32},"end":{"line":46,"column":1}},"12":{"start":{"line":45,"column":2},"end":{"line":45,"column":50}}},"fnMap":{"0":{"name":"(anonymous_0)","decl":{"start":{"line":23,"column":34},"end":{"line":23,"column":35}},"loc":{"start":{"line":26,"column":6},"end":{"line":41,"column":1}},"line":26},"1":{"name":"(anonymous_1)","decl":{"start":{"line":44,"column":32},"end":{"line":44,"column":33}},"loc":{"start":{"line":44,"column":44},"end":{"line":46,"column":1}},"line":44}},"branchMap":{"0":{"loc":{"start":{"line":30,"column":4},"end":{"line":32,"column":5}},"type":"if","locations":[{"start":{"line":30,"column":4},"end":{"line":32,"column":5}},{"start":{},"end":{}}],"line":30}},"s":{"0":0,"1":0,"2":0,"3":0,"4":0,"5":0,"6":0,"7":0,"8":0,"9":0,"10":0,"11":0,"12":0},"f":{"0":0,"1":0},"b":{"0":[0,0]}}
,"/home/remi/Projects/relay/Relay/domain/card-sets/CardSet.ts": {"path":"/home/remi/Projects/relay/Relay/domain/card-sets/CardSet.ts","statementMap":{},"fnMap":{},"branchMap":{},"s":{},"f":{},"b":{}}
,"/home/remi/Projects/relay/Relay/domain/card-sets/card-set.storage.ts": {"path":"/home/remi/Projects/relay/Relay/domain/card-sets/card-set.storage.ts","statementMap":{},"fnMap":{},"branchMap":{},"s":{},"f":{},"b":{}}
,"/home/remi/Projects/relay/Relay/domain/card-sets/card-set.templates.ts": {"path":"/home/remi/Projects/relay/Relay/domain/card-sets/card-set.templates.ts","statementMap":{},"fnMap":{},"branchMap":{},"s":{},"f":{},"b":{}}
,"/home/remi/Projects/relay/Relay/domain/cards/Card.constants.ts": {"path":"/home/remi/Projects/relay/Relay/domain/cards/Card.constants.ts","statementMap":{"0":{"start":{"line":1,"column":29},"end":{"line":5,"column":10}},"1":{"start":{"line":7,"column":33},"end":{"line":11,"column":10}}},"fnMap":{},"branchMap":{},"s":{"0":0,"1":0},"f":{},"b":{}}
,"/home/remi/Projects/relay/Relay/domain/cards/Card.ts": {"path":"/home/remi/Projects/relay/Relay/domain/cards/Card.ts","statementMap":{},"fnMap":{},"branchMap":{},"s":{},"f":{},"b":{}}
,"/home/remi/Projects/relay/Relay/domain/cards/CardsContext.tsx": {"path":"/home/remi/Projects/relay/Relay/domain/cards/CardsContext.tsx","statementMap":{"0":{"start":{"line":20,"column":21},"end":{"line":20,"column":66}},"1":{"start":{"line":23,"column":28},"end":{"line":23,"column":48}},"2":{"start":{"line":24,"column":30},"end":{"line":24,"column":45}},"3":{"start":{"line":33,"column":2},"end":{"line":39,"column":9}},"4":{"start":{"line":34,"column":4},"end":{"line":38,"column":7}},"5":{"start":{"line":35,"column":6},"end":{"line":35,"column":33}},"6":{"start":{"line":36,"column":6},"end":{"line":36,"column":22}},"7":{"start":{"line":37,"column":6},"end":{"line":37,"column":66}},"8":{"start":{"line":43,"column":2},"end":{"line":62,"column":9}},"9":{"start":{"line":45,"column":6},"end":{"line":58,"column":7}},"10":{"start":{"line":46,"column":31},"end":{"line":46,"column":60}},"11":{"start":{"line":47,"column":28},"end":{"line":50,"column":9}},"12":{"start":{"line":51,"column":8},"end":{"line":51,"column":30}},"13":{"start":{"line":53,"column":8},"end":{"line":53,"column":60}},"14":{"start":{"line":55,"column":8},"end":{"line":55,"column":33}},"15":{"start":{"line":57,"column":8},"end":{"line":57,"column":24}},"16":{"start":{"line":61,"column":4},"end":{"line":61,"column":21}},"17":{"start":{"line":65,"column":2},"end":{"line":69,"column":22}},"18":{"start":{"line":66,"column":4},"end":{"line":68,"column":5}},"19":{"start":{"line":67,"column":6},"end":{"line":67,"column":35}},"20":{"start":{"line":72,"column":4},"end":{"line":72,"column":42}},"21":{"start":{"line":72,"column":29},"end":{"line":72,"column":40}},"22":{"start":{"line":76,"column":4},"end":{"line":76,"column":40}},"23":{"start":{"line":76,"column":23},"end":{"line":76,"column":38}},"24":{"start":{"line":80,"column":4},"end":{"line":80,"column":71}},"25":{"start":{"line":80,"column":23},"end":{"line":80,"column":69}},"26":{"start":{"line":80,"column":40},"end":{"line":80,"column":67}},"27":{"start":{"line":84,"column":4},"end":{"line":84,"column":60}},"28":{"start":{"line":84,"column":23},"end":{"line":84,"column":58}},"29":{"start":{"line":84,"column":42},"end":{"line":84,"column":57}},"30":{"start":{"line":87,"column":2},"end":{"line":93,"column":4}},"31":{"start":{"line":97,"column":14},"end":{"line":97,"column":38}},"32":{"start":{"line":98,"column":2},"end":{"line":100,"column":3}},"33":{"start":{"line":99,"column":4},"end":{"line":99,"column":66}},"34":{"start":{"line":101,"column":2},"end":{"line":101,"column":13}}},"fnMap":{"0":{"name":"CardsProvider","decl":{"start":{"line":22,"column":16},"end":{"line":22,"column":29}},"loc":{"start":{"line":22,"column":75},"end":{"line":94,"column":1}},"line":22},"1":{"name":"(anonymous_1)","decl":{"start":{"line":33,"column":12},"end":{"line":33,"column":13}},"loc":{"start":{"line":33,"column":18},"end":{"line":39,"column":3}},"line":33},"2":{"name":"(anonymous_2)","decl":{"start":{"line":34,"column":27},"end":{"line":34,"column":28}},"loc":{"start":{"line":34,"column":49},"end":{"line":38,"column":5}},"line":34},"3":{"name":"(anonymous_3)","decl":{"start":{"line":43,"column":12},"end":{"line":43,"column":13}},"loc":{"start":{"line":43,"column":18},"end":{"line":62,"column":3}},"line":43},"4":{"name":"loadSavedCards","decl":{"start":{"line":44,"column":19},"end":{"line":44,"column":33}},"loc":{"start":{"line":44,"column":36},"end":{"line":59,"column":5}},"line":44},"5":{"name":"(anonymous_5)","decl":{"start":{"line":65,"column":12},"end":{"line":65,"column":13}},"loc":{"start":{"line":65,"column":18},"end":{"line":69,"column":3}},"line":65},"6":{"name":"getCardById","decl":{"start":{"line":71,"column":11},"end":{"line":71,"column":22}},"loc":{"start":{"line":71,"column":35},"end":{"line":73,"column":3}},"line":71},"7":{"name":"(anonymous_7)","decl":{"start":{"line":72,"column":22},"end":{"line":72,"column":23}},"loc":{"start":{"line":72,"column":29},"end":{"line":72,"column":40}},"line":72},"8":{"name":"addCard","decl":{"start":{"line":75,"column":11},"end":{"line":75,"column":18}},"loc":{"start":{"line":75,"column":31},"end":{"line":77,"column":3}},"line":75},"9":{"name":"(anonymous_9)","decl":{"start":{"line":76,"column":13},"end":{"line":76,"column":14}},"loc":{"start":{"line":76,"column":23},"end":{"line":76,"column":38}},"line":76},"10":{"name":"updateCard","decl":{"start":{"line":79,"column":11},"end":{"line":79,"column":21}},"loc":{"start":{"line":79,"column":34},"end":{"line":81,"column":3}},"line":79},"11":{"name":"(anonymous_11)","decl":{"start":{"line":80,"column":13},"end":{"line":80,"column":14}},"loc":{"start":{"line":80,"column":23},"end":{"line":80,"column":69}},"line":80},"12":{"name":"(anonymous_12)","decl":{"start":{"line":80,"column":32},"end":{"line":80,"column":33}},"loc":{"start":{"line":80,"column":40},"end":{"line":80,"column":67}},"line":80},"13":{"name":"deleteCard","decl":{"start":{"line":83,"column":11},"end":{"line":83,"column":21}},"loc":{"start":{"line":83,"column":38},"end":{"line":85,"column":3}},"line":83},"14":{"name":"(anonymous_14)","decl":{"start":{"line":84,"column":13},"end":{"line":84,"column":14}},"loc":{"start":{"line":84,"column":23},"end":{"line":84,"column":58}},"line":84},"15":{"name":"(anonymous_15)","decl":{"start":{"line":84,"column":35},"end":{"line":84,"column":36}},"loc":{"start":{"line":84,"column":42},"end":{"line":84,"column":57}},"line":84},"16":{"name":"useCards","decl":{"start":{"line":96,"column":16},"end":{"line":96,"column":24}},"loc":{"start":{"line":96,"column":27},"end":{"line":102,"column":1}},"line":96}},"branchMap":{"0":{"loc":{"start":{"line":66,"column":4},"end":{"line":68,"column":5}},"type":"if","locations":[{"start":{"line":66,"column":4},"end":{"line":68,"column":5}},{"start":{},"end":{}}],"line":66},"1":{"loc":{"start":{"line":80,"column":40},"end":{"line":80,"column":67}},"type":"cond-expr","locations":[{"start":{"line":80,"column":59},"end":{"line":80,"column":63}},{"start":{"line":80,"column":66},"end":{"line":80,"column":67}}],"line":80},"2":{"loc":{"start":{"line":98,"column":2},"end":{"line":100,"column":3}},"type":"if","locations":[{"start":{"line":98,"column":2},"end":{"line":100,"column":3}},{"start":{},"end":{}}],"line":98}},"s":{"0":0,"1":0,"2":0,"3":0,"4":0,"5":0,"6":0,"7":0,"8":0,"9":0,"10":0,"11":0,"12":0,"13":0,"14":0,"15":0,"16":0,"17":0,"18":0,"19":0,"20":0,"21":0,"22":0,"23":0,"24":0,"25":0,"26":0,"27":0,"28":0,"29":0,"30":0,"31":0,"32":0,"33":0,"34":0},"f":{"0":0,"1":0,"2":0,"3":0,"4":0,"5":0,"6":0,"7":0,"8":0,"9":0,"10":0,"11":0,"12":0,"13":0,"14":0,"15":0,"16":0},"b":{"0":[0,0],"1":[0,0],"2":[0,0]}}
,"/home/remi/Projects/relay/Relay/domain/cards/cards.initialization.ts": {"path":"/home/remi/Projects/relay/Relay/domain/cards/cards.initialization.ts","statementMap":{},"fnMap":{},"branchMap":{},"s":{},"f":{},"b":{}}
,"/home/remi/Projects/relay/Relay/domain/cards/cards.storage.ts": {"path":"/home/remi/Projects/relay/Relay/domain/cards/cards.storage.ts","statementMap":{"0":{"start":{"line":6,"column":20},"end":{"line":6,"column":37}},"1":{"start":{"line":14,"column":2},"end":{"line":16,"column":4}},"2":{"start":{"line":15,"column":14},"end":{"line":15,"column":78}},"3":{"start":{"line":40,"column":2},"end":{"line":68,"column":5}},"4":{"start":{"line":43,"column":6},"end":{"line":43,"column":70}},"5":{"start":{"line":53,"column":4},"end":{"line":55,"column":5}},"6":{"start":{"line":54,"column":6},"end":{"line":54,"column":35}},"7":{"start":{"line":57,"column":4},"end":{"line":59,"column":5}},"8":{"start":{"line":58,"column":6},"end":{"line":58,"column":19}},"9":{"start":{"line":63,"column":6},"end":{"line":65,"column":61}},"10":{"start":{"line":64,"column":32},"end":{"line":64,"column":60}},"11":{"start":{"line":65,"column":35},"end":{"line":65,"column":60}},"12":{"start":{"line":67,"column":4},"end":{"line":67,"column":47}},"13":{"start":{"line":80,"column":27},"end":{"line":178,"column":1}},"14":{"start":{"line":90,"column":4},"end":{"line":108,"column":5}},"15":{"start":{"line":91,"column":28},"end":{"line":91,"column":50}},"16":{"start":{"line":92,"column":6},"end":{"line":100,"column":7}},"17":{"start":{"line":95,"column":8},"end":{"line":97,"column":10}},"18":{"start":{"line":98,"column":8},"end":{"line":98,"column":59}},"19":{"start":{"line":99,"column":8},"end":{"line":99,"column":15}},"20":{"start":{"line":102,"column":26},"end":{"line":102,"column":50}},"21":{"start":{"line":103,"column":19},"end":{"line":103,"column":46}},"22":{"start":{"line":104,"column":6},"end":{"line":104,"column":52}},"23":{"start":{"line":105,"column":6},"end":{"line":105,"column":33}},"24":{"start":{"line":107,"column":6},"end":{"line":107,"column":48}},"25":{"start":{"line":112,"column":4},"end":{"line":136,"column":5}},"26":{"start":{"line":128,"column":23},"end":{"line":128,"column":33}},"27":{"start":{"line":129,"column":19},"end":{"line":129,"column":43}},"28":{"start":{"line":130,"column":6},"end":{"line":130,"column":52}},"29":{"start":{"line":131,"column":6},"end":{"line":131,"column":58}},"30":{"start":{"line":134,"column":6},"end":{"line":134,"column":52}},"31":{"start":{"line":144,"column":4},"end":{"line":150,"column":5}},"32":{"start":{"line":145,"column":19},"end":{"line":145,"column":58}},"33":{"start":{"line":146,"column":6},"end":{"line":146,"column":42}},"34":{"start":{"line":148,"column":6},"end":{"line":148,"column":52}},"35":{"start":{"line":149,"column":6},"end":{"line":149,"column":16}},"36":{"start":{"line":158,"column":4},"end":{"line":162,"column":5}},"37":{"start":{"line":159,"column":6},"end":{"line":159,"column":49}},"38":{"start":{"line":161,"column":6},"end":{"line":161,"column":53}},"39":{"start":{"line":170,"column":4},"end":{"line":176,"column":5}},"40":{"start":{"line":171,"column":19},"end":{"line":171,"column":58}},"41":{"start":{"line":172,"column":6},"end":{"line":172,"column":20}},"42":{"start":{"line":174,"column":6},"end":{"line":174,"column":63}},"43":{"start":{"line":175,"column":6},"end":{"line":175,"column":19}},"44":{"start":{"line":191,"column":17},"end":{"line":191,"column":35}},"45":{"start":{"line":201,"column":22},"end":{"line":201,"column":61}},"46":{"start":{"line":201,"column":55},"end":{"line":201,"column":59}},"47":{"start":{"line":207,"column":2},"end":{"line":211,"column":5}},"48":{"start":{"line":208,"column":4},"end":{"line":210,"column":5}},"49":{"start":{"line":209,"column":6},"end":{"line":209,"column":28}},"50":{"start":{"line":213,"column":2},"end":{"line":213,"column":16}},"51":{"start":{"line":217,"column":2},"end":{"line":221,"column":4}},"52":{"start":{"line":234,"column":25},"end":{"line":234,"column":54}},"53":{"start":{"line":235,"column":2},"end":{"line":238,"column":3}},"54":{"start":{"line":237,"column":4},"end":{"line":237,"column":26}},"55":{"start":{"line":240,"column":20},"end":{"line":240,"column":57}},"56":{"start":{"line":241,"column":2},"end":{"line":241,"column":41}},"57":{"start":{"line":242,"column":2},"end":{"line":242,"column":19}},"58":{"start":{"line":246,"column":34},"end":{"line":246,"column":60}},"59":{"start":{"line":247,"column":2},"end":{"line":253,"column":3}},"60":{"start":{"line":249,"column":4},"end":{"line":249,"column":46}},"61":{"start":{"line":252,"column":4},"end":{"line":252,"column":35}}},"fnMap":{"0":{"name":"isDuplicate","decl":{"start":{"line":8,"column":9},"end":{"line":8,"column":20}},"loc":{"start":{"line":8,"column":68},"end":{"line":17,"column":1}},"line":8},"1":{"name":"(anonymous_1)","decl":{"start":{"line":15,"column":4},"end":{"line":15,"column":5}},"loc":{"start":{"line":15,"column":14},"end":{"line":15,"column":78}},"line":15},"2":{"name":"isTitleMessageListDuplicate","decl":{"start":{"line":32,"column":9},"end":{"line":32,"column":36}},"loc":{"start":{"line":35,"column":11},"end":{"line":69,"column":1}},"line":35},"3":{"name":"(anonymous_3)","decl":{"start":{"line":40,"column":28},"end":{"line":40,"column":29}},"loc":{"start":{"line":40,"column":38},"end":{"line":68,"column":3}},"line":40},"4":{"name":"(anonymous_4)","decl":{"start":{"line":64,"column":22},"end":{"line":64,"column":23}},"loc":{"start":{"line":64,"column":32},"end":{"line":64,"column":60}},"line":64},"5":{"name":"(anonymous_5)","decl":{"start":{"line":65,"column":25},"end":{"line":65,"column":26}},"loc":{"start":{"line":65,"column":35},"end":{"line":65,"column":60}},"line":65},"6":{"name":"(anonymous_6)","decl":{"start":{"line":86,"column":2},"end":{"line":86,"column":3}},"loc":{"start":{"line":86,"column":44},"end":{"line":109,"column":3}},"line":86},"7":{"name":"(anonymous_7)","decl":{"start":{"line":111,"column":2},"end":{"line":111,"column":3}},"loc":{"start":{"line":111,"column":48},"end":{"line":137,"column":3}},"line":111},"8":{"name":"(anonymous_8)","decl":{"start":{"line":143,"column":2},"end":{"line":143,"column":3}},"loc":{"start":{"line":143,"column":37},"end":{"line":151,"column":3}},"line":143},"9":{"name":"(anonymous_9)","decl":{"start":{"line":157,"column":2},"end":{"line":157,"column":3}},"loc":{"start":{"line":157,"column":36},"end":{"line":163,"column":3}},"line":157},"10":{"name":"(anonymous_10)","decl":{"start":{"line":169,"column":2},"end":{"line":169,"column":3}},"loc":{"start":{"line":169,"column":42},"end":{"line":177,"column":3}},"line":169},"11":{"name":"mergeCardsWithTemplates","decl":{"start":{"line":184,"column":16},"end":{"line":184,"column":39}},"loc":{"start":{"line":187,"column":10},"end":{"line":214,"column":1}},"line":187},"12":{"name":"(anonymous_12)","decl":{"start":{"line":201,"column":48},"end":{"line":201,"column":49}},"loc":{"start":{"line":201,"column":55},"end":{"line":201,"column":59}},"line":201},"13":{"name":"(anonymous_13)","decl":{"start":{"line":207,"column":20},"end":{"line":207,"column":21}},"loc":{"start":{"line":207,"column":34},"end":{"line":211,"column":3}},"line":207},"14":{"name":"copyTemplateToUserCard","decl":{"start":{"line":216,"column":9},"end":{"line":216,"column":31}},"loc":{"start":{"line":216,"column":54},"end":{"line":222,"column":1}},"line":216},"15":{"name":"initializeUserCardsFromTemplates","decl":{"start":{"line":231,"column":15},"end":{"line":231,"column":47}},"loc":{"start":{"line":233,"column":19},"end":{"line":243,"column":1}},"line":233},"16":{"name":"initializeCards","decl":{"start":{"line":245,"column":22},"end":{"line":245,"column":37}},"loc":{"start":{"line":245,"column":57},"end":{"line":254,"column":1}},"line":245}},"branchMap":{"0":{"loc":{"start":{"line":15,"column":14},"end":{"line":15,"column":78}},"type":"binary-expr","locations":[{"start":{"line":15,"column":14},"end":{"line":15,"column":42}},{"start":{"line":15,"column":46},"end":{"line":15,"column":78}}],"line":15},"1":{"loc":{"start":{"line":43,"column":6},"end":{"line":43,"column":70}},"type":"binary-expr","locations":[{"start":{"line":43,"column":6},"end":{"line":43,"column":34}},{"start":{"line":43,"column":38},"end":{"line":43,"column":70}}],"line":43},"2":{"loc":{"start":{"line":53,"column":4},"end":{"line":55,"column":5}},"type":"if","locations":[{"start":{"line":53,"column":4},"end":{"line":55,"column":5}},{"start":{},"end":{}}],"line":53},"3":{"loc":{"start":{"line":53,"column":8},"end":{"line":53,"column":35}},"type":"binary-expr","locations":[{"start":{"line":53,"column":8},"end":{"line":53,"column":18}},{"start":{"line":53,"column":22},"end":{"line":53,"column":35}}],"line":53},"4":{"loc":{"start":{"line":57,"column":4},"end":{"line":59,"column":5}},"type":"if","locations":[{"start":{"line":57,"column":4},"end":{"line":59,"column":5}},{"start":{},"end":{}}],"line":57},"5":{"loc":{"start":{"line":57,"column":8},"end":{"line":57,"column":35}},"type":"binary-expr","locations":[{"start":{"line":57,"column":8},"end":{"line":57,"column":18}},{"start":{"line":57,"column":22},"end":{"line":57,"column":35}}],"line":57},"6":{"loc":{"start":{"line":63,"column":6},"end":{"line":65,"column":61}},"type":"binary-expr","locations":[{"start":{"line":63,"column":6},"end":{"line":63,"column":46}},{"start":{"line":64,"column":6},"end":{"line":64,"column":61}},{"start":{"line":65,"column":6},"end":{"line":65,"column":61}}],"line":63},"7":{"loc":{"start":{"line":67,"column":11},"end":{"line":67,"column":46}},"type":"binary-expr","locations":[{"start":{"line":67,"column":11},"end":{"line":67,"column":32}},{"start":{"line":67,"column":36},"end":{"line":67,"column":46}}],"line":67},"8":{"loc":{"start":{"line":92,"column":6},"end":{"line":100,"column":7}},"type":"if","locations":[{"start":{"line":92,"column":6},"end":{"line":100,"column":7}},{"start":{},"end":{}}],"line":92},"9":{"loc":{"start":{"line":146,"column":13},"end":{"line":146,"column":41}},"type":"cond-expr","locations":[{"start":{"line":146,"column":20},"end":{"line":146,"column":36}},{"start":{"line":146,"column":39},"end":{"line":146,"column":41}}],"line":146},"10":{"loc":{"start":{"line":208,"column":4},"end":{"line":210,"column":5}},"type":"if","locations":[{"start":{"line":208,"column":4},"end":{"line":210,"column":5}},{"start":{},"end":{}}],"line":208},"11":{"loc":{"start":{"line":232,"column":2},"end":{"line":232,"column":36}},"type":"default-arg","locations":[{"start":{"line":232,"column":22},"end":{"line":232,"column":36}}],"line":232},"12":{"loc":{"start":{"line":235,"column":2},"end":{"line":238,"column":3}},"type":"if","locations":[{"start":{"line":235,"column":2},"end":{"line":238,"column":3}},{"start":{},"end":{}}],"line":235},"13":{"loc":{"start":{"line":247,"column":2},"end":{"line":253,"column":3}},"type":"if","locations":[{"start":{"line":247,"column":2},"end":{"line":253,"column":3}},{"start":{"line":250,"column":9},"end":{"line":253,"column":3}}],"line":247}},"s":{"0":0,"1":0,"2":0,"3":0,"4":0,"5":0,"6":0,"7":0,"8":0,"9":0,"10":0,"11":0,"12":0,"13":0,"14":0,"15":0,"16":0,"17":0,"18":0,"19":0,"20":0,"21":0,"22":0,"23":0,"24":0,"25":0,"26":0,"27":0,"28":0,"29":0,"30":0,"31":0,"32":0,"33":0,"34":0,"35":0,"36":0,"37":0,"38":0,"39":0,"40":0,"41":0,"42":0,"43":0,"44":0,"45":0,"46":0,"47":0,"48":0,"49":0,"50":0,"51":0,"52":0,"53":0,"54":0,"55":0,"56":0,"57":0,"58":0,"59":0,"60":0,"61":0},"f":{"0":0,"1":0,"2":0,"3":0,"4":0,"5":0,"6":0,"7":0,"8":0,"9":0,"10":0,"11":0,"12":0,"13":0,"14":0,"15":0,"16":0},"b":{"0":[0,0],"1":[0,0],"2":[0,0],"3":[0,0],"4":[0,0],"5":[0,0],"6":[0,0,0],"7":[0,0],"8":[0,0],"9":[0,0],"10":[0,0],"11":[0],"12":[0,0],"13":[0,0]}}
,"/home/remi/Projects/relay/Relay/domain/cards/cards.templates.ts": {"path":"/home/remi/Projects/relay/Relay/domain/cards/cards.templates.ts","statementMap":{"0":{"start":{"line":73,"column":38},"end":{"line":1076,"column":1}}},"fnMap":{},"branchMap":{},"s":{"0":0},"f":{},"b":{}}
,"/home/remi/Projects/relay/Relay/domain/cards/cards.testfunc.ts": {"path":"/home/remi/Projects/relay/Relay/domain/cards/cards.testfunc.ts","statementMap":{"0":{"start":{"line":2,"column":2},"end":{"line":2,"column":15}}},"fnMap":{"0":{"name":"testFunc","decl":{"start":{"line":1,"column":22},"end":{"line":1,"column":30}},"loc":{"start":{"line":1,"column":70},"end":{"line":3,"column":1}},"line":1}},"branchMap":{},"s":{"0":0},"f":{"0":0},"b":{}}
,"/home/remi/Projects/relay/Relay/domain/disclosures/Disclosure.ts": {"path":"/home/remi/Projects/relay/Relay/domain/disclosures/Disclosure.ts","statementMap":{},"fnMap":{},"branchMap":{},"s":{},"f":{},"b":{}}
,"/home/remi/Projects/relay/Relay/domain/disclosures/DisclosureContext.tsx": {"path":"/home/remi/Projects/relay/Relay/domain/disclosures/DisclosureContext.tsx","statementMap":{"0":{"start":{"line":17,"column":26},"end":{"line":17,"column":69}},"1":{"start":{"line":24,"column":24},"end":{"line":24,"column":68}},"2":{"start":{"line":27,"column":4},"end":{"line":27,"column":56}},"3":{"start":{"line":27,"column":39},"end":{"line":27,"column":54}},"4":{"start":{"line":30,"column":2},"end":{"line":34,"column":4}},"5":{"start":{"line":38,"column":14},"end":{"line":38,"column":43}},"6":{"start":{"line":39,"column":2},"end":{"line":41,"column":3}},"7":{"start":{"line":40,"column":4},"end":{"line":40,"column":76}},"8":{"start":{"line":42,"column":2},"end":{"line":42,"column":13}}},"fnMap":{"0":{"name":"DisclosureProvider","decl":{"start":{"line":19,"column":16},"end":{"line":19,"column":34}},"loc":{"start":{"line":23,"column":3},"end":{"line":35,"column":1}},"line":23},"1":{"name":"getDisclosureById","decl":{"start":{"line":26,"column":11},"end":{"line":26,"column":28}},"loc":{"start":{"line":26,"column":41},"end":{"line":28,"column":3}},"line":26},"2":{"name":"(anonymous_2)","decl":{"start":{"line":27,"column":28},"end":{"line":27,"column":29}},"loc":{"start":{"line":27,"column":39},"end":{"line":27,"column":54}},"line":27},"3":{"name":"useDisclosure","decl":{"start":{"line":37,"column":16},"end":{"line":37,"column":29}},"loc":{"start":{"line":37,"column":32},"end":{"line":43,"column":1}},"line":37}},"branchMap":{"0":{"loc":{"start":{"line":39,"column":2},"end":{"line":41,"column":3}},"type":"if","locations":[{"start":{"line":39,"column":2},"end":{"line":41,"column":3}},{"start":{},"end":{}}],"line":39}},"s":{"0":0,"1":0,"2":0,"3":0,"4":0,"5":0,"6":0,"7":0,"8":0},"f":{"0":0,"1":0,"2":0,"3":0},"b":{"0":[0,0]}}
,"/home/remi/Projects/relay/Relay/domain/disclosures/disclosure.storage.ts": {"path":"/home/remi/Projects/relay/Relay/domain/disclosures/disclosure.storage.ts","statementMap":{},"fnMap":{},"branchMap":{},"s":{},"f":{},"b":{}}
,"/home/remi/Projects/relay/Relay/domain/disclosures/disclosure.templates.ts": {"path":"/home/remi/Projects/relay/Relay/domain/disclosures/disclosure.templates.ts","statementMap":{"0":{"start":{"line":5,"column":50},"end":{"line":68,"column":1}}},"fnMap":{},"branchMap":{},"s":{"0":0},"f":{},"b":{}}
,"/home/remi/Projects/relay/Relay/hooks/useCards.ts": {"path":"/home/remi/Projects/relay/Relay/hooks/useCards.ts","statementMap":{},"fnMap":{},"branchMap":{},"s":{},"f":{},"b":{}}
}
